<?xml version="1.0" encoding="UTF-8"?>
<coverage generated="1521120387760" clover="3.2.0">
  <project timestamp="1521120387761" name="All files">
    <metrics statements="163" coveredstatements="105" conditionals="34" coveredconditionals="16" methods="113" coveredmethods="43" elements="310" coveredelements="164" complexity="0" loc="163" ncloc="163" packages="17" files="39" classes="39">
      <package name="__tests__">
        <metrics statements="1" coveredstatements="1" conditionals="0" coveredconditionals="0" methods="0" coveredmethods="0"/>
        <file name="setup.js" path="/Users/raphaelmorales/codes/app/estudos/rocketseat/react-native-rocketseat/desafio_final/__tests__/setup.js">
          <metrics statements="1" coveredstatements="1" conditionals="0" coveredconditionals="0" methods="0" coveredmethods="0"/>
          <line num="4" count="14" type="stmt"/>
        </file>
      </package>
      <package name="src.pages.calendar.components.adder">
        <metrics statements="12" coveredstatements="4" conditionals="0" coveredconditionals="0" methods="9" coveredmethods="3"/>
        <file name="index.js" path="/Users/raphaelmorales/codes/app/estudos/rocketseat/react-native-rocketseat/desafio_final/src/pages/calendar/components/adder/index.js">
          <metrics statements="11" coveredstatements="3" conditionals="0" coveredconditionals="0" methods="9" coveredmethods="3"/>
          <line num="49" count="0" type="stmt"/>
          <line num="50" count="0" type="stmt"/>
          <line num="58" count="0" type="stmt"/>
          <line num="63" count="5" type="stmt"/>
          <line num="81" count="0" type="stmt"/>
          <line num="86" count="0" type="stmt"/>
          <line num="94" count="0" type="stmt"/>
          <line num="119" count="1" type="stmt"/>
          <line num="129" count="1" type="stmt"/>
          <line num="130" count="0" type="stmt"/>
          <line num="132" count="0" type="stmt"/>
        </file>
        <file name="styles.js" path="/Users/raphaelmorales/codes/app/estudos/rocketseat/react-native-rocketseat/desafio_final/src/pages/calendar/components/adder/styles.js">
          <metrics statements="1" coveredstatements="1" conditionals="0" coveredconditionals="0" methods="0" coveredmethods="0"/>
          <line num="4" count="1" type="stmt"/>
        </file>
      </package>
      <package name="src.pages.calendar.components.calendars">
        <metrics statements="13" coveredstatements="3" conditionals="2" coveredconditionals="0" methods="9" coveredmethods="2"/>
        <file name="index.js" path="/Users/raphaelmorales/codes/app/estudos/rocketseat/react-native-rocketseat/desafio_final/src/pages/calendar/components/calendars/index.js">
          <metrics statements="12" coveredstatements="2" conditionals="2" coveredconditionals="0" methods="9" coveredmethods="2"/>
          <line num="44" count="0" type="cond" truecount="0" falsecount="2"/>
          <line num="45" count="0" type="stmt"/>
          <line num="51" count="0" type="stmt"/>
          <line num="60" count="0" type="stmt"/>
          <line num="65" count="0" type="stmt"/>
          <line num="80" count="0" type="stmt"/>
          <line num="81" count="0" type="stmt"/>
          <line num="98" count="0" type="stmt"/>
          <line num="100" count="0" type="stmt"/>
          <line num="113" count="1" type="stmt"/>
          <line num="123" count="1" type="stmt"/>
          <line num="124" count="0" type="stmt"/>
        </file>
        <file name="styles.js" path="/Users/raphaelmorales/codes/app/estudos/rocketseat/react-native-rocketseat/desafio_final/src/pages/calendar/components/calendars/styles.js">
          <metrics statements="1" coveredstatements="1" conditionals="0" coveredconditionals="0" methods="0" coveredmethods="0"/>
          <line num="3" count="1" type="stmt"/>
        </file>
      </package>
      <package name="src.pages.calendar.components.cards">
        <metrics statements="4" coveredstatements="4" conditionals="0" coveredconditionals="0" methods="3" coveredmethods="3"/>
        <file name="index.js" path="/Users/raphaelmorales/codes/app/estudos/rocketseat/react-native-rocketseat/desafio_final/src/pages/calendar/components/cards/index.js">
          <metrics statements="3" coveredstatements="3" conditionals="0" coveredconditionals="0" methods="3" coveredmethods="3"/>
          <line num="24" count="2" type="stmt"/>
          <line num="35" count="2" type="stmt"/>
          <line num="46" count="2" type="stmt"/>
        </file>
        <file name="styles.js" path="/Users/raphaelmorales/codes/app/estudos/rocketseat/react-native-rocketseat/desafio_final/src/pages/calendar/components/cards/styles.js">
          <metrics statements="1" coveredstatements="1" conditionals="0" coveredconditionals="0" methods="0" coveredmethods="0"/>
          <line num="4" count="1" type="stmt"/>
        </file>
      </package>
      <package name="src.pages.calendar.components.cards.components.btn">
        <metrics statements="10" coveredstatements="9" conditionals="4" coveredconditionals="4" methods="8" coveredmethods="7"/>
        <file name="index.js" path="/Users/raphaelmorales/codes/app/estudos/rocketseat/react-native-rocketseat/desafio_final/src/pages/calendar/components/cards/components/btn/index.js">
          <metrics statements="9" coveredstatements="8" conditionals="4" coveredconditionals="4" methods="8" coveredmethods="7"/>
          <line num="50" count="1" type="stmt"/>
          <line num="59" count="1" type="stmt"/>
          <line num="70" count="7" type="stmt"/>
          <line num="72" count="7" type="stmt"/>
          <line num="81" count="0" type="stmt"/>
          <line num="82" count="1" type="stmt"/>
          <line num="101" count="5" type="stmt"/>
          <line num="111" count="5" type="stmt"/>
          <line num="117" count="1" type="stmt"/>
        </file>
        <file name="styles.js" path="/Users/raphaelmorales/codes/app/estudos/rocketseat/react-native-rocketseat/desafio_final/src/pages/calendar/components/cards/components/btn/styles.js">
          <metrics statements="1" coveredstatements="1" conditionals="0" coveredconditionals="0" methods="0" coveredmethods="0"/>
          <line num="4" count="2" type="stmt"/>
        </file>
      </package>
      <package name="src.pages.calendar.components.miniCalendar">
        <metrics statements="12" coveredstatements="9" conditionals="0" coveredconditionals="0" methods="9" coveredmethods="6"/>
        <file name="index.js" path="/Users/raphaelmorales/codes/app/estudos/rocketseat/react-native-rocketseat/desafio_final/src/pages/calendar/components/miniCalendar/index.js">
          <metrics statements="11" coveredstatements="8" conditionals="0" coveredconditionals="0" methods="9" coveredmethods="6"/>
          <line num="39" count="1" type="stmt"/>
          <line num="40" count="1" type="stmt"/>
          <line num="41" count="1" type="stmt"/>
          <line num="50" count="7" type="stmt"/>
          <line num="54" count="6" type="stmt"/>
          <line num="58" count="0" type="stmt"/>
          <line num="69" count="0" type="stmt"/>
          <line num="80" count="4" type="stmt"/>
          <line num="90" count="4" type="stmt"/>
          <line num="91" count="1" type="stmt"/>
          <line num="92" count="0" type="stmt"/>
        </file>
        <file name="styles.js" path="/Users/raphaelmorales/codes/app/estudos/rocketseat/react-native-rocketseat/desafio_final/src/pages/calendar/components/miniCalendar/styles.js">
          <metrics statements="1" coveredstatements="1" conditionals="0" coveredconditionals="0" methods="0" coveredmethods="0"/>
          <line num="4" count="1" type="stmt"/>
        </file>
      </package>
      <package name="src.pages.components.btn">
        <metrics statements="4" coveredstatements="4" conditionals="2" coveredconditionals="2" methods="1" coveredmethods="1"/>
        <file name="index.js" path="/Users/raphaelmorales/codes/app/estudos/rocketseat/react-native-rocketseat/desafio_final/src/pages/components/btn/index.js">
          <metrics statements="3" coveredstatements="3" conditionals="2" coveredconditionals="2" methods="1" coveredmethods="1"/>
          <line num="13" count="6" type="stmt"/>
          <line num="14" count="3" type="stmt"/>
          <line num="23" count="6" type="stmt"/>
        </file>
        <file name="styles.js" path="/Users/raphaelmorales/codes/app/estudos/rocketseat/react-native-rocketseat/desafio_final/src/pages/components/btn/styles.js">
          <metrics statements="1" coveredstatements="1" conditionals="0" coveredconditionals="0" methods="0" coveredmethods="0"/>
          <line num="4" count="6" type="stmt"/>
        </file>
      </package>
      <package name="src.pages.components.datepicker">
        <metrics statements="4" coveredstatements="4" conditionals="0" coveredconditionals="0" methods="1" coveredmethods="1"/>
        <file name="index.js" path="/Users/raphaelmorales/codes/app/estudos/rocketseat/react-native-rocketseat/desafio_final/src/pages/components/datepicker/index.js">
          <metrics statements="3" coveredstatements="3" conditionals="0" coveredconditionals="0" methods="1" coveredmethods="1"/>
          <line num="15" count="2" type="stmt"/>
          <line num="18" count="1" type="stmt"/>
          <line num="52" count="2" type="stmt"/>
        </file>
        <file name="styles.js" path="/Users/raphaelmorales/codes/app/estudos/rocketseat/react-native-rocketseat/desafio_final/src/pages/components/datepicker/styles.js">
          <metrics statements="1" coveredstatements="1" conditionals="0" coveredconditionals="0" methods="0" coveredmethods="0"/>
          <line num="4" count="2" type="stmt"/>
        </file>
      </package>
      <package name="src.pages.components.input">
        <metrics statements="5" coveredstatements="5" conditionals="4" coveredconditionals="3" methods="1" coveredmethods="1"/>
        <file name="index.js" path="/Users/raphaelmorales/codes/app/estudos/rocketseat/react-native-rocketseat/desafio_final/src/pages/components/input/index.js">
          <metrics statements="4" coveredstatements="4" conditionals="4" coveredconditionals="3" methods="1" coveredmethods="1"/>
          <line num="14" count="6" type="stmt"/>
          <line num="17" count="1" type="stmt"/>
          <line num="37" count="6" type="stmt"/>
          <line num="48" count="6" type="stmt"/>
        </file>
        <file name="styles.js" path="/Users/raphaelmorales/codes/app/estudos/rocketseat/react-native-rocketseat/desafio_final/src/pages/components/input/styles.js">
          <metrics statements="1" coveredstatements="1" conditionals="0" coveredconditionals="0" methods="0" coveredmethods="0"/>
          <line num="4" count="6" type="stmt"/>
        </file>
      </package>
      <package name="src.pages.components.notification">
        <metrics statements="9" coveredstatements="3" conditionals="4" coveredconditionals="0" methods="8" coveredmethods="2"/>
        <file name="index.js" path="/Users/raphaelmorales/codes/app/estudos/rocketseat/react-native-rocketseat/desafio_final/src/pages/components/notification/index.js">
          <metrics statements="8" coveredstatements="2" conditionals="4" coveredconditionals="0" methods="8" coveredmethods="2"/>
          <line num="31" count="0" type="stmt"/>
          <line num="34" count="0" type="stmt"/>
          <line num="38" count="0" type="cond" truecount="0" falsecount="2"/>
          <line num="39" count="0" type="stmt"/>
          <line num="44" count="0" type="stmt"/>
          <line num="56" count="4" type="stmt"/>
          <line num="61" count="4" type="stmt"/>
          <line num="62" count="0" type="stmt"/>
        </file>
        <file name="styles.js" path="/Users/raphaelmorales/codes/app/estudos/rocketseat/react-native-rocketseat/desafio_final/src/pages/components/notification/styles.js">
          <metrics statements="1" coveredstatements="1" conditionals="0" coveredconditionals="0" methods="0" coveredmethods="0"/>
          <line num="4" count="4" type="stmt"/>
        </file>
      </package>
      <package name="src.pages.components.notification.components.msg">
        <metrics statements="4" coveredstatements="4" conditionals="4" coveredconditionals="4" methods="1" coveredmethods="1"/>
        <file name="index.js" path="/Users/raphaelmorales/codes/app/estudos/rocketseat/react-native-rocketseat/desafio_final/src/pages/components/notification/components/msg/index.js">
          <metrics statements="3" coveredstatements="3" conditionals="4" coveredconditionals="4" methods="1" coveredmethods="1"/>
          <line num="14" count="5" type="stmt"/>
          <line num="15" count="3" type="stmt"/>
          <line num="32" count="5" type="stmt"/>
        </file>
        <file name="styles.js" path="/Users/raphaelmorales/codes/app/estudos/rocketseat/react-native-rocketseat/desafio_final/src/pages/components/notification/components/msg/styles.js">
          <metrics statements="1" coveredstatements="1" conditionals="0" coveredconditionals="0" methods="0" coveredmethods="0"/>
          <line num="4" count="5" type="stmt"/>
        </file>
      </package>
      <package name="src.pages.dashboard">
        <metrics statements="11" coveredstatements="4" conditionals="0" coveredconditionals="0" methods="9" coveredmethods="4"/>
        <file name="index.js" path="/Users/raphaelmorales/codes/app/estudos/rocketseat/react-native-rocketseat/desafio_final/src/pages/dashboard/index.js">
          <metrics statements="10" coveredstatements="3" conditionals="0" coveredconditionals="0" methods="9" coveredmethods="4"/>
          <line num="47" count="0" type="stmt"/>
          <line num="48" count="0" type="stmt"/>
          <line num="55" count="0" type="stmt"/>
          <line num="60" count="2" type="stmt"/>
          <line num="69" count="0" type="stmt"/>
          <line num="78" count="0" type="stmt"/>
          <line num="87" count="0" type="stmt"/>
          <line num="105" count="2" type="stmt"/>
          <line num="113" count="2" type="stmt"/>
          <line num="115" count="0" type="stmt"/>
        </file>
        <file name="styles.js" path="/Users/raphaelmorales/codes/app/estudos/rocketseat/react-native-rocketseat/desafio_final/src/pages/dashboard/styles.js">
          <metrics statements="1" coveredstatements="1" conditionals="0" coveredconditionals="0" methods="0" coveredmethods="0"/>
          <line num="4" count="1" type="stmt"/>
        </file>
      </package>
      <package name="src.pages.identification">
        <metrics statements="11" coveredstatements="4" conditionals="4" coveredconditionals="0" methods="9" coveredmethods="4"/>
        <file name="index.js" path="/Users/raphaelmorales/codes/app/estudos/rocketseat/react-native-rocketseat/desafio_final/src/pages/identification/index.js">
          <metrics statements="10" coveredstatements="3" conditionals="4" coveredconditionals="0" methods="9" coveredmethods="4"/>
          <line num="53" count="0" type="cond" truecount="0" falsecount="2"/>
          <line num="54" count="0" type="cond" truecount="0" falsecount="2"/>
          <line num="59" count="0" type="stmt"/>
          <line num="69" count="0" type="stmt"/>
          <line num="70" count="0" type="stmt"/>
          <line num="75" count="4" type="stmt"/>
          <line num="82" count="0" type="stmt"/>
          <line num="98" count="4" type="stmt"/>
          <line num="106" count="4" type="stmt"/>
          <line num="107" count="0" type="stmt"/>
        </file>
        <file name="styles.js" path="/Users/raphaelmorales/codes/app/estudos/rocketseat/react-native-rocketseat/desafio_final/src/pages/identification/styles.js">
          <metrics statements="1" coveredstatements="1" conditionals="0" coveredconditionals="0" methods="0" coveredmethods="0"/>
          <line num="4" count="1" type="stmt"/>
        </file>
      </package>
      <package name="src.pages.login">
        <metrics statements="11" coveredstatements="4" conditionals="2" coveredconditionals="0" methods="10" coveredmethods="4"/>
        <file name="index.js" path="/Users/raphaelmorales/codes/app/estudos/rocketseat/react-native-rocketseat/desafio_final/src/pages/login/index.js">
          <metrics statements="10" coveredstatements="3" conditionals="2" coveredconditionals="0" methods="10" coveredmethods="4"/>
          <line num="56" count="0" type="cond" truecount="0" falsecount="2"/>
          <line num="61" count="0" type="stmt"/>
          <line num="71" count="0" type="stmt"/>
          <line num="72" count="0" type="stmt"/>
          <line num="77" count="4" type="stmt"/>
          <line num="84" count="0" type="stmt"/>
          <line num="92" count="0" type="stmt"/>
          <line num="110" count="4" type="stmt"/>
          <line num="118" count="4" type="stmt"/>
          <line num="119" count="0" type="stmt"/>
        </file>
        <file name="styles.js" path="/Users/raphaelmorales/codes/app/estudos/rocketseat/react-native-rocketseat/desafio_final/src/pages/login/styles.js">
          <metrics statements="1" coveredstatements="1" conditionals="0" coveredconditionals="0" methods="0" coveredmethods="0"/>
          <line num="4" count="1" type="stmt"/>
        </file>
      </package>
      <package name="src.pages.register">
        <metrics statements="13" coveredstatements="4" conditionals="2" coveredconditionals="0" methods="12" coveredmethods="4"/>
        <file name="index.js" path="/Users/raphaelmorales/codes/app/estudos/rocketseat/react-native-rocketseat/desafio_final/src/pages/register/index.js">
          <metrics statements="12" coveredstatements="3" conditionals="2" coveredconditionals="0" methods="12" coveredmethods="4"/>
          <line num="61" count="0" type="cond" truecount="0" falsecount="2"/>
          <line num="65" count="0" type="stmt"/>
          <line num="69" count="0" type="stmt"/>
          <line num="79" count="0" type="stmt"/>
          <line num="80" count="0" type="stmt"/>
          <line num="85" count="4" type="stmt"/>
          <line num="92" count="0" type="stmt"/>
          <line num="100" count="0" type="stmt"/>
          <line num="108" count="0" type="stmt"/>
          <line num="128" count="4" type="stmt"/>
          <line num="136" count="4" type="stmt"/>
          <line num="137" count="0" type="stmt"/>
        </file>
        <file name="styles.js" path="/Users/raphaelmorales/codes/app/estudos/rocketseat/react-native-rocketseat/desafio_final/src/pages/register/styles.js">
          <metrics statements="1" coveredstatements="1" conditionals="0" coveredconditionals="0" methods="0" coveredmethods="0"/>
          <line num="4" count="1" type="stmt"/>
        </file>
      </package>
      <package name="src.redux.ducks">
        <metrics statements="38" coveredstatements="38" conditionals="0" coveredconditionals="0" methods="23" coveredmethods="0"/>
        <file name="calendar.js" path="/Users/raphaelmorales/codes/app/estudos/rocketseat/react-native-rocketseat/desafio_final/src/redux/ducks/calendar.js">
          <metrics statements="8" coveredstatements="8" conditionals="0" coveredconditionals="0" methods="5" coveredmethods="0"/>
          <line num="4" count="1" type="stmt"/>
          <line num="15" count="1" type="stmt"/>
          <line num="22" count="1" type="stmt"/>
          <line num="23" count="1" type="stmt"/>
          <line num="24" count="1" type="stmt"/>
          <line num="25" count="1" type="stmt"/>
          <line num="26" count="1" type="stmt"/>
          <line num="29" count="1" type="stmt"/>
        </file>
        <file name="login.js" path="/Users/raphaelmorales/codes/app/estudos/rocketseat/react-native-rocketseat/desafio_final/src/redux/ducks/login.js">
          <metrics statements="10" coveredstatements="10" conditionals="0" coveredconditionals="0" methods="7" coveredmethods="0"/>
          <line num="4" count="3" type="stmt"/>
          <line num="17" count="3" type="stmt"/>
          <line num="20" count="3" type="stmt"/>
          <line num="21" count="3" type="stmt"/>
          <line num="22" count="3" type="stmt"/>
          <line num="23" count="3" type="stmt"/>
          <line num="24" count="3" type="stmt"/>
          <line num="25" count="3" type="stmt"/>
          <line num="26" count="3" type="stmt"/>
          <line num="29" count="3" type="stmt"/>
        </file>
        <file name="notification.js" path="/Users/raphaelmorales/codes/app/estudos/rocketseat/react-native-rocketseat/desafio_final/src/redux/ducks/notification.js">
          <metrics statements="5" coveredstatements="5" conditionals="0" coveredconditionals="0" methods="2" coveredmethods="0"/>
          <line num="4" count="4" type="stmt"/>
          <line num="12" count="4" type="stmt"/>
          <line num="15" count="4" type="stmt"/>
          <line num="16" count="4" type="stmt"/>
          <line num="19" count="4" type="stmt"/>
        </file>
        <file name="todo.js" path="/Users/raphaelmorales/codes/app/estudos/rocketseat/react-native-rocketseat/desafio_final/src/redux/ducks/todo.js">
          <metrics statements="9" coveredstatements="9" conditionals="0" coveredconditionals="0" methods="6" coveredmethods="0"/>
          <line num="4" count="5" type="stmt"/>
          <line num="25" count="5" type="stmt"/>
          <line num="31" count="5" type="stmt"/>
          <line num="32" count="5" type="stmt"/>
          <line num="33" count="5" type="stmt"/>
          <line num="34" count="5" type="stmt"/>
          <line num="35" count="5" type="stmt"/>
          <line num="36" count="5" type="stmt"/>
          <line num="39" count="5" type="stmt"/>
        </file>
        <file name="user.js" path="/Users/raphaelmorales/codes/app/estudos/rocketseat/react-native-rocketseat/desafio_final/src/redux/ducks/user.js">
          <metrics statements="6" coveredstatements="6" conditionals="0" coveredconditionals="0" methods="3" coveredmethods="0"/>
          <line num="4" count="1" type="stmt"/>
          <line num="13" count="1" type="stmt"/>
          <line num="23" count="1" type="stmt"/>
          <line num="27" count="1" type="stmt"/>
          <line num="36" count="1" type="stmt"/>
          <line num="42" count="1" type="stmt"/>
        </file>
      </package>
      <package name="src.styles">
        <metrics statements="1" coveredstatements="1" conditionals="6" coveredconditionals="3" methods="0" coveredmethods="0"/>
        <file name="colors.js" path="/Users/raphaelmorales/codes/app/estudos/rocketseat/react-native-rocketseat/desafio_final/src/styles/colors.js">
          <metrics statements="0" coveredstatements="0" conditionals="0" coveredconditionals="0" methods="0" coveredmethods="0"/>
        </file>
        <file name="fonts.js" path="/Users/raphaelmorales/codes/app/estudos/rocketseat/react-native-rocketseat/desafio_final/src/styles/fonts.js">
          <metrics statements="0" coveredstatements="0" conditionals="0" coveredconditionals="0" methods="0" coveredmethods="0"/>
        </file>
        <file name="general.js" path="/Users/raphaelmorales/codes/app/estudos/rocketseat/react-native-rocketseat/desafio_final/src/styles/general.js">
          <metrics statements="0" coveredstatements="0" conditionals="0" coveredconditionals="0" methods="0" coveredmethods="0"/>
        </file>
        <file name="index.js" path="/Users/raphaelmorales/codes/app/estudos/rocketseat/react-native-rocketseat/desafio_final/src/styles/index.js">
          <metrics statements="0" coveredstatements="0" conditionals="0" coveredconditionals="0" methods="0" coveredmethods="0"/>
        </file>
        <file name="metrics.js" path="/Users/raphaelmorales/codes/app/estudos/rocketseat/react-native-rocketseat/desafio_final/src/styles/metrics.js">
          <metrics statements="1" coveredstatements="1" conditionals="6" coveredconditionals="3" methods="0" coveredmethods="0"/>
          <line num="3" count="14" type="stmt"/>
        </file>
      </package>
    </metrics>
  </project>
</coverage>
