{"/Users/raphaelmorales/codes/app/estudos/rocketseat/react-native-rocketseat/desafio_final/__tests__/setup.js": {"path":"/Users/raphaelmorales/codes/app/estudos/rocketseat/react-native-rocketseat/desafio_final/__tests__/setup.js","statementMap":{"0":{"start":{"line":4,"column":0},"end":{"line":4,"column":45}}},"fnMap":{},"branchMap":{},"s":{"0":14},"f":{},"b":{},"_coverageSchema":"332fd63041d2c1bcb487cc26dd0d5f7d97098a6c","hash":"c4a43bb9656232ce635678fbb1f5df3bf6b553ab"}
,"/Users/raphaelmorales/codes/app/estudos/rocketseat/react-native-rocketseat/desafio_final/src/pages/calendar/components/adder/index.js": {"path":"/Users/raphaelmorales/codes/app/estudos/rocketseat/react-native-rocketseat/desafio_final/src/pages/calendar/components/adder/index.js","statementMap":{"0":{"start":{"line":49,"column":4},"end":{"line":49,"column":23}},"1":{"start":{"line":50,"column":4},"end":{"line":57,"column":6}},"2":{"start":{"line":58,"column":4},"end":{"line":58,"column":57}},"3":{"start":{"line":63,"column":4},"end":{"line":114,"column":6}},"4":{"start":{"line":81,"column":46},"end":{"line":81,"column":74}},"5":{"start":{"line":86,"column":39},"end":{"line":86,"column":63}},"6":{"start":{"line":94,"column":38},"end":{"line":94,"column":61}},"7":{"start":{"line":119,"column":24},"end":{"line":126,"column":2}},"8":{"start":{"line":119,"column":34},"end":{"line":126,"column":1}},"9":{"start":{"line":129,"column":27},"end":{"line":133,"column":2}},"10":{"start":{"line":129,"column":40},"end":{"line":133,"column":1}},"11":{"start":{"line":130,"column":23},"end":{"line":130,"column":60}},"12":{"start":{"line":132,"column":4},"end":{"line":132,"column":77}}},"fnMap":{"0":{"name":"(anonymous_0)","decl":{"start":{"line":48,"column":15},"end":{"line":48,"column":16}},"loc":{"start":{"line":48,"column":21},"end":{"line":59,"column":3}},"line":48},"1":{"name":"(anonymous_1)","decl":{"start":{"line":62,"column":2},"end":{"line":62,"column":3}},"loc":{"start":{"line":62,"column":11},"end":{"line":115,"column":3}},"line":62},"2":{"name":"(anonymous_2)","decl":{"start":{"line":81,"column":30},"end":{"line":81,"column":31}},"loc":{"start":{"line":81,"column":44},"end":{"line":81,"column":76}},"line":81},"3":{"name":"(anonymous_3)","decl":{"start":{"line":86,"column":30},"end":{"line":86,"column":31}},"loc":{"start":{"line":86,"column":39},"end":{"line":86,"column":63}},"line":86},"4":{"name":"(anonymous_4)","decl":{"start":{"line":94,"column":30},"end":{"line":94,"column":31}},"loc":{"start":{"line":94,"column":38},"end":{"line":94,"column":61}},"line":94},"5":{"name":"(anonymous_5)","decl":{"start":{"line":119,"column":24},"end":{"line":119,"column":25}},"loc":{"start":{"line":119,"column":34},"end":{"line":126,"column":1}},"line":119},"6":{"name":"(anonymous_6)","decl":{"start":{"line":129,"column":27},"end":{"line":129,"column":28}},"loc":{"start":{"line":129,"column":40},"end":{"line":133,"column":1}},"line":129},"7":{"name":"(anonymous_7)","decl":{"start":{"line":130,"column":17},"end":{"line":130,"column":18}},"loc":{"start":{"line":130,"column":23},"end":{"line":130,"column":60}},"line":130},"8":{"name":"(anonymous_8)","decl":{"start":{"line":131,"column":15},"end":{"line":131,"column":16}},"loc":{"start":{"line":132,"column":4},"end":{"line":132,"column":77}},"line":132}},"branchMap":{},"s":{"0":0,"1":0,"2":0,"3":5,"4":0,"5":0,"6":0,"7":1,"8":1,"9":1,"10":1,"11":0,"12":0},"f":{"0":0,"1":5,"2":0,"3":0,"4":0,"5":1,"6":1,"7":0,"8":0},"b":{},"_coverageSchema":"332fd63041d2c1bcb487cc26dd0d5f7d97098a6c","hash":"dfbb19782efa856e1ca6ff48967154cdaa1a7cae"}
,"/Users/raphaelmorales/codes/app/estudos/rocketseat/react-native-rocketseat/desafio_final/src/pages/calendar/components/adder/styles.js": {"path":"/Users/raphaelmorales/codes/app/estudos/rocketseat/react-native-rocketseat/desafio_final/src/pages/calendar/components/adder/styles.js","statementMap":{"0":{"start":{"line":4,"column":15},"end":{"line":38,"column":2}}},"fnMap":{},"branchMap":{},"s":{"0":1},"f":{},"b":{},"_coverageSchema":"332fd63041d2c1bcb487cc26dd0d5f7d97098a6c","hash":"ab46c0ed1c9f0fe9283c2cea65358ffa6e60ec0c"}
,"/Users/raphaelmorales/codes/app/estudos/rocketseat/react-native-rocketseat/desafio_final/src/pages/calendar/components/calendars/index.js": {"path":"/Users/raphaelmorales/codes/app/estudos/rocketseat/react-native-rocketseat/desafio_final/src/pages/calendar/components/calendars/index.js","statementMap":{"0":{"start":{"line":44,"column":4},"end":{"line":46,"column":5}},"1":{"start":{"line":45,"column":6},"end":{"line":45,"column":57}},"2":{"start":{"line":51,"column":4},"end":{"line":55,"column":6}},"3":{"start":{"line":60,"column":4},"end":{"line":60,"column":43}},"4":{"start":{"line":65,"column":4},"end":{"line":78,"column":6}},"5":{"start":{"line":80,"column":4},"end":{"line":80,"column":39}},"6":{"start":{"line":81,"column":4},"end":{"line":108,"column":6}},"7":{"start":{"line":98,"column":27},"end":{"line":98,"column":98}},"8":{"start":{"line":100,"column":32},"end":{"line":100,"column":67}},"9":{"start":{"line":113,"column":24},"end":{"line":120,"column":2}},"10":{"start":{"line":113,"column":34},"end":{"line":120,"column":1}},"11":{"start":{"line":123,"column":27},"end":{"line":125,"column":2}},"12":{"start":{"line":123,"column":40},"end":{"line":125,"column":1}},"13":{"start":{"line":124,"column":35},"end":{"line":124,"column":84}}},"fnMap":{"0":{"name":"(anonymous_0)","decl":{"start":{"line":43,"column":2},"end":{"line":43,"column":3}},"loc":{"start":{"line":43,"column":23},"end":{"line":47,"column":3}},"line":43},"1":{"name":"(anonymous_1)","decl":{"start":{"line":50,"column":2},"end":{"line":50,"column":3}},"loc":{"start":{"line":50,"column":22},"end":{"line":56,"column":3}},"line":50},"2":{"name":"(anonymous_2)","decl":{"start":{"line":59,"column":12},"end":{"line":59,"column":13}},"loc":{"start":{"line":59,"column":33},"end":{"line":61,"column":3}},"line":59},"3":{"name":"(anonymous_3)","decl":{"start":{"line":64,"column":2},"end":{"line":64,"column":3}},"loc":{"start":{"line":64,"column":11},"end":{"line":109,"column":3}},"line":64},"4":{"name":"(anonymous_4)","decl":{"start":{"line":98,"column":20},"end":{"line":98,"column":21}},"loc":{"start":{"line":98,"column":27},"end":{"line":98,"column":98}},"line":98},"5":{"name":"(anonymous_5)","decl":{"start":{"line":100,"column":23},"end":{"line":100,"column":24}},"loc":{"start":{"line":100,"column":32},"end":{"line":100,"column":67}},"line":100},"6":{"name":"(anonymous_6)","decl":{"start":{"line":113,"column":24},"end":{"line":113,"column":25}},"loc":{"start":{"line":113,"column":34},"end":{"line":120,"column":1}},"line":113},"7":{"name":"(anonymous_7)","decl":{"start":{"line":123,"column":27},"end":{"line":123,"column":28}},"loc":{"start":{"line":123,"column":40},"end":{"line":125,"column":1}},"line":123},"8":{"name":"(anonymous_8)","decl":{"start":{"line":124,"column":14},"end":{"line":124,"column":15}},"loc":{"start":{"line":124,"column":35},"end":{"line":124,"column":84}},"line":124}},"branchMap":{"0":{"loc":{"start":{"line":44,"column":4},"end":{"line":46,"column":5}},"type":"if","locations":[{"start":{"line":44,"column":4},"end":{"line":46,"column":5}},{"start":{"line":44,"column":4},"end":{"line":46,"column":5}}],"line":44}},"s":{"0":0,"1":0,"2":0,"3":0,"4":0,"5":0,"6":0,"7":0,"8":0,"9":1,"10":1,"11":1,"12":1,"13":0},"f":{"0":0,"1":0,"2":0,"3":0,"4":0,"5":0,"6":1,"7":1,"8":0},"b":{"0":[0,0]},"_coverageSchema":"332fd63041d2c1bcb487cc26dd0d5f7d97098a6c","hash":"71c32597fad228da01fd73fb97280072126d60ee"}
,"/Users/raphaelmorales/codes/app/estudos/rocketseat/react-native-rocketseat/desafio_final/src/pages/calendar/components/calendars/styles.js": {"path":"/Users/raphaelmorales/codes/app/estudos/rocketseat/react-native-rocketseat/desafio_final/src/pages/calendar/components/calendars/styles.js","statementMap":{"0":{"start":{"line":3,"column":15},"end":{"line":7,"column":2}}},"fnMap":{},"branchMap":{},"s":{"0":1},"f":{},"b":{},"_coverageSchema":"332fd63041d2c1bcb487cc26dd0d5f7d97098a6c","hash":"9452dc0be34ab3dea872656bee714a94c4e624d6"}
,"/Users/raphaelmorales/codes/app/estudos/rocketseat/react-native-rocketseat/desafio_final/src/pages/calendar/components/cards/index.js": {"path":"/Users/raphaelmorales/codes/app/estudos/rocketseat/react-native-rocketseat/desafio_final/src/pages/calendar/components/cards/index.js","statementMap":{"0":{"start":{"line":24,"column":20},"end":{"line":32,"column":4}},"1":{"start":{"line":35,"column":21},"end":{"line":42,"column":4}},"2":{"start":{"line":46,"column":4},"end":{"line":63,"column":6}}},"fnMap":{"0":{"name":"(anonymous_0)","decl":{"start":{"line":24,"column":13},"end":{"line":24,"column":14}},"loc":{"start":{"line":24,"column":20},"end":{"line":32,"column":4}},"line":24},"1":{"name":"(anonymous_1)","decl":{"start":{"line":35,"column":14},"end":{"line":35,"column":15}},"loc":{"start":{"line":35,"column":21},"end":{"line":42,"column":4}},"line":35},"2":{"name":"(anonymous_2)","decl":{"start":{"line":45,"column":2},"end":{"line":45,"column":3}},"loc":{"start":{"line":45,"column":11},"end":{"line":64,"column":3}},"line":45}},"branchMap":{},"s":{"0":2,"1":2,"2":2},"f":{"0":2,"1":2,"2":2},"b":{},"_coverageSchema":"332fd63041d2c1bcb487cc26dd0d5f7d97098a6c","hash":"ffa05a0ef9086c3408ecd652dcf862f130fc39de"}
,"/Users/raphaelmorales/codes/app/estudos/rocketseat/react-native-rocketseat/desafio_final/src/pages/calendar/components/cards/styles.js": {"path":"/Users/raphaelmorales/codes/app/estudos/rocketseat/react-native-rocketseat/desafio_final/src/pages/calendar/components/cards/styles.js","statementMap":{"0":{"start":{"line":4,"column":15},"end":{"line":45,"column":2}}},"fnMap":{},"branchMap":{},"s":{"0":1},"f":{},"b":{},"_coverageSchema":"332fd63041d2c1bcb487cc26dd0d5f7d97098a6c","hash":"dd547910b49b2ce562da7d8d59277004bbf4453d"}
,"/Users/raphaelmorales/codes/app/estudos/rocketseat/react-native-rocketseat/desafio_final/src/pages/calendar/components/cards/components/btn/index.js": {"path":"/Users/raphaelmorales/codes/app/estudos/rocketseat/react-native-rocketseat/desafio_final/src/pages/calendar/components/cards/components/btn/index.js","statementMap":{"0":{"start":{"line":50,"column":4},"end":{"line":54,"column":6}},"1":{"start":{"line":59,"column":4},"end":{"line":59,"column":50}},"2":{"start":{"line":70,"column":8},"end":{"line":70,"column":18}},"3":{"start":{"line":72,"column":4},"end":{"line":96,"column":6}},"4":{"start":{"line":81,"column":18},"end":{"line":81,"column":48}},"5":{"start":{"line":82,"column":18},"end":{"line":87,"column":13}},"6":{"start":{"line":101,"column":24},"end":{"line":108,"column":2}},"7":{"start":{"line":101,"column":34},"end":{"line":108,"column":1}},"8":{"start":{"line":111,"column":27},"end":{"line":123,"column":2}},"9":{"start":{"line":111,"column":40},"end":{"line":123,"column":1}},"10":{"start":{"line":117,"column":7},"end":{"line":122,"column":4}}},"fnMap":{"0":{"name":"(anonymous_0)","decl":{"start":{"line":49,"column":10},"end":{"line":49,"column":11}},"loc":{"start":{"line":50,"column":4},"end":{"line":54,"column":6}},"line":50},"1":{"name":"(anonymous_1)","decl":{"start":{"line":58,"column":11},"end":{"line":58,"column":12}},"loc":{"start":{"line":59,"column":4},"end":{"line":59,"column":50}},"line":59},"2":{"name":"(anonymous_2)","decl":{"start":{"line":63,"column":2},"end":{"line":63,"column":3}},"loc":{"start":{"line":63,"column":11},"end":{"line":97,"column":3}},"line":63},"3":{"name":"(anonymous_3)","decl":{"start":{"line":81,"column":12},"end":{"line":81,"column":13}},"loc":{"start":{"line":81,"column":18},"end":{"line":81,"column":48}},"line":81},"4":{"name":"(anonymous_4)","decl":{"start":{"line":82,"column":12},"end":{"line":82,"column":13}},"loc":{"start":{"line":82,"column":18},"end":{"line":87,"column":13}},"line":82},"5":{"name":"(anonymous_5)","decl":{"start":{"line":101,"column":24},"end":{"line":101,"column":25}},"loc":{"start":{"line":101,"column":34},"end":{"line":108,"column":1}},"line":101},"6":{"name":"(anonymous_6)","decl":{"start":{"line":111,"column":27},"end":{"line":111,"column":28}},"loc":{"start":{"line":111,"column":40},"end":{"line":123,"column":1}},"line":111},"7":{"name":"(anonymous_7)","decl":{"start":{"line":112,"column":14},"end":{"line":112,"column":15}},"loc":{"start":{"line":117,"column":7},"end":{"line":122,"column":4}},"line":117}},"branchMap":{"0":{"loc":{"start":{"line":80,"column":10},"end":{"line":87,"column":13}},"type":"cond-expr","locations":[{"start":{"line":81,"column":12},"end":{"line":81,"column":48}},{"start":{"line":82,"column":12},"end":{"line":87,"column":13}}],"line":80},"1":{"loc":{"start":{"line":91,"column":9},"end":{"line":93,"column":72}},"type":"cond-expr","locations":[{"start":{"line":92,"column":12},"end":{"line":92,"column":67}},{"start":{"line":93,"column":12},"end":{"line":93,"column":72}}],"line":91}},"s":{"0":1,"1":1,"2":7,"3":7,"4":0,"5":1,"6":2,"7":5,"8":2,"9":5,"10":1},"f":{"0":1,"1":1,"2":7,"3":0,"4":1,"5":5,"6":5,"7":1},"b":{"0":[6,1],"1":[1,6]},"_coverageSchema":"332fd63041d2c1bcb487cc26dd0d5f7d97098a6c","hash":"17b31501fb74f2dcd0232a304943756ec7e9a802"}
,"/Users/raphaelmorales/codes/app/estudos/rocketseat/react-native-rocketseat/desafio_final/src/pages/calendar/components/cards/components/btn/styles.js": {"path":"/Users/raphaelmorales/codes/app/estudos/rocketseat/react-native-rocketseat/desafio_final/src/pages/calendar/components/cards/components/btn/styles.js","statementMap":{"0":{"start":{"line":4,"column":15},"end":{"line":19,"column":2}}},"fnMap":{},"branchMap":{},"s":{"0":2},"f":{},"b":{},"_coverageSchema":"332fd63041d2c1bcb487cc26dd0d5f7d97098a6c","hash":"ac76874a40153f7e44c9be5ae7c827a39915ae7b"}
,"/Users/raphaelmorales/codes/app/estudos/rocketseat/react-native-rocketseat/desafio_final/src/pages/calendar/components/miniCalendar/index.js": {"path":"/Users/raphaelmorales/codes/app/estudos/rocketseat/react-native-rocketseat/desafio_final/src/pages/calendar/components/miniCalendar/index.js","statementMap":{"0":{"start":{"line":39,"column":20},"end":{"line":39,"column":82}},"1":{"start":{"line":40,"column":4},"end":{"line":40,"column":38}},"2":{"start":{"line":41,"column":4},"end":{"line":45,"column":6}},"3":{"start":{"line":50,"column":4},"end":{"line":50,"column":29}},"4":{"start":{"line":54,"column":4},"end":{"line":75,"column":6}},"5":{"start":{"line":58,"column":67},"end":{"line":58,"column":83}},"6":{"start":{"line":69,"column":68},"end":{"line":69,"column":83}},"7":{"start":{"line":80,"column":24},"end":{"line":87,"column":2}},"8":{"start":{"line":80,"column":34},"end":{"line":87,"column":1}},"9":{"start":{"line":90,"column":27},"end":{"line":93,"column":2}},"10":{"start":{"line":90,"column":40},"end":{"line":93,"column":1}},"11":{"start":{"line":91,"column":35},"end":{"line":91,"column":84}},"12":{"start":{"line":92,"column":18},"end":{"line":92,"column":62}}},"fnMap":{"0":{"name":"(anonymous_0)","decl":{"start":{"line":38,"column":12},"end":{"line":38,"column":13}},"loc":{"start":{"line":38,"column":21},"end":{"line":46,"column":3}},"line":38},"1":{"name":"(anonymous_1)","decl":{"start":{"line":49,"column":17},"end":{"line":49,"column":18}},"loc":{"start":{"line":50,"column":4},"end":{"line":50,"column":29}},"line":50},"2":{"name":"(anonymous_2)","decl":{"start":{"line":53,"column":2},"end":{"line":53,"column":3}},"loc":{"start":{"line":53,"column":11},"end":{"line":76,"column":3}},"line":53},"3":{"name":"(anonymous_3)","decl":{"start":{"line":58,"column":61},"end":{"line":58,"column":62}},"loc":{"start":{"line":58,"column":67},"end":{"line":58,"column":83}},"line":58},"4":{"name":"(anonymous_4)","decl":{"start":{"line":69,"column":62},"end":{"line":69,"column":63}},"loc":{"start":{"line":69,"column":68},"end":{"line":69,"column":83}},"line":69},"5":{"name":"(anonymous_5)","decl":{"start":{"line":80,"column":24},"end":{"line":80,"column":25}},"loc":{"start":{"line":80,"column":34},"end":{"line":87,"column":1}},"line":80},"6":{"name":"(anonymous_6)","decl":{"start":{"line":90,"column":27},"end":{"line":90,"column":28}},"loc":{"start":{"line":90,"column":40},"end":{"line":93,"column":1}},"line":90},"7":{"name":"(anonymous_7)","decl":{"start":{"line":91,"column":14},"end":{"line":91,"column":15}},"loc":{"start":{"line":91,"column":35},"end":{"line":91,"column":84}},"line":91},"8":{"name":"(anonymous_8)","decl":{"start":{"line":92,"column":12},"end":{"line":92,"column":13}},"loc":{"start":{"line":92,"column":18},"end":{"line":92,"column":62}},"line":92}},"branchMap":{},"s":{"0":0,"1":0,"2":0,"3":3,"4":3,"5":0,"6":0,"7":1,"8":1,"9":1,"10":1,"11":0,"12":0},"f":{"0":0,"1":3,"2":3,"3":0,"4":0,"5":1,"6":1,"7":0,"8":0},"b":{},"_coverageSchema":"332fd63041d2c1bcb487cc26dd0d5f7d97098a6c","hash":"8911c69e94b84dc18c3802ec47ad4768d091dff5"}
,"/Users/raphaelmorales/codes/app/estudos/rocketseat/react-native-rocketseat/desafio_final/src/pages/calendar/components/miniCalendar/styles.js": {"path":"/Users/raphaelmorales/codes/app/estudos/rocketseat/react-native-rocketseat/desafio_final/src/pages/calendar/components/miniCalendar/styles.js","statementMap":{"0":{"start":{"line":4,"column":15},"end":{"line":51,"column":2}}},"fnMap":{},"branchMap":{},"s":{"0":1},"f":{},"b":{},"_coverageSchema":"332fd63041d2c1bcb487cc26dd0d5f7d97098a6c","hash":"d49b53a95ea2b328bbb50c272dd3f7e75367ca0a"}
,"/Users/raphaelmorales/codes/app/estudos/rocketseat/react-native-rocketseat/desafio_final/src/pages/components/btn/index.js": {"path":"/Users/raphaelmorales/codes/app/estudos/rocketseat/react-native-rocketseat/desafio_final/src/pages/components/btn/index.js","statementMap":{"0":{"start":{"line":13,"column":12},"end":{"line":20,"column":1}},"1":{"start":{"line":14,"column":2},"end":{"line":19,"column":21}},"2":{"start":{"line":23,"column":0},"end":{"line":27,"column":2}}},"fnMap":{"0":{"name":"(anonymous_0)","decl":{"start":{"line":13,"column":12},"end":{"line":13,"column":13}},"loc":{"start":{"line":14,"column":2},"end":{"line":19,"column":21}},"line":14}},"branchMap":{"0":{"loc":{"start":{"line":15,"column":6},"end":{"line":17,"column":49}},"type":"cond-expr","locations":[{"start":{"line":16,"column":8},"end":{"line":16,"column":63}},{"start":{"line":17,"column":8},"end":{"line":17,"column":49}}],"line":15}},"s":{"0":6,"1":3,"2":6},"f":{"0":3},"b":{"0":[2,1]},"_coverageSchema":"332fd63041d2c1bcb487cc26dd0d5f7d97098a6c","hash":"eb454dc22a8147382147b2f5d953bcb51d15ed06"}
,"/Users/raphaelmorales/codes/app/estudos/rocketseat/react-native-rocketseat/desafio_final/src/pages/components/btn/styles.js": {"path":"/Users/raphaelmorales/codes/app/estudos/rocketseat/react-native-rocketseat/desafio_final/src/pages/components/btn/styles.js","statementMap":{"0":{"start":{"line":4,"column":15},"end":{"line":19,"column":2}}},"fnMap":{},"branchMap":{},"s":{"0":6},"f":{},"b":{},"_coverageSchema":"332fd63041d2c1bcb487cc26dd0d5f7d97098a6c","hash":"0202b39dd4e1d6e717774369dd833c12166678f8"}
,"/Users/raphaelmorales/codes/app/estudos/rocketseat/react-native-rocketseat/desafio_final/src/pages/components/datepicker/index.js": {"path":"/Users/raphaelmorales/codes/app/estudos/rocketseat/react-native-rocketseat/desafio_final/src/pages/components/datepicker/index.js","statementMap":{"0":{"start":{"line":15,"column":19},"end":{"line":49,"column":1}},"1":{"start":{"line":18,"column":2},"end":{"line":48,"column":9}},"2":{"start":{"line":52,"column":0},"end":{"line":58,"column":2}}},"fnMap":{"0":{"name":"(anonymous_0)","decl":{"start":{"line":15,"column":19},"end":{"line":15,"column":20}},"loc":{"start":{"line":18,"column":2},"end":{"line":48,"column":9}},"line":18}},"branchMap":{},"s":{"0":2,"1":1,"2":2},"f":{"0":1},"b":{},"_coverageSchema":"332fd63041d2c1bcb487cc26dd0d5f7d97098a6c","hash":"e7a1b7bd52ea2faeed89ecac798132cc7a5b060e"}
,"/Users/raphaelmorales/codes/app/estudos/rocketseat/react-native-rocketseat/desafio_final/src/pages/components/datepicker/styles.js": {"path":"/Users/raphaelmorales/codes/app/estudos/rocketseat/react-native-rocketseat/desafio_final/src/pages/components/datepicker/styles.js","statementMap":{"0":{"start":{"line":4,"column":15},"end":{"line":36,"column":2}}},"fnMap":{},"branchMap":{},"s":{"0":2},"f":{},"b":{},"_coverageSchema":"332fd63041d2c1bcb487cc26dd0d5f7d97098a6c","hash":"2f87e97d28964e3cbe48230c8e7a2954a08efa35"}
,"/Users/raphaelmorales/codes/app/estudos/rocketseat/react-native-rocketseat/desafio_final/src/pages/components/input/index.js": {"path":"/Users/raphaelmorales/codes/app/estudos/rocketseat/react-native-rocketseat/desafio_final/src/pages/components/input/index.js","statementMap":{"0":{"start":{"line":14,"column":14},"end":{"line":34,"column":1}},"1":{"start":{"line":17,"column":2},"end":{"line":33,"column":9}},"2":{"start":{"line":37,"column":0},"end":{"line":45,"column":2}},"3":{"start":{"line":48,"column":0},"end":{"line":50,"column":2}}},"fnMap":{"0":{"name":"(anonymous_0)","decl":{"start":{"line":14,"column":14},"end":{"line":14,"column":15}},"loc":{"start":{"line":17,"column":2},"end":{"line":33,"column":9}},"line":17}},"branchMap":{"0":{"loc":{"start":{"line":21,"column":28},"end":{"line":21,"column":73}},"type":"cond-expr","locations":[{"start":{"line":21,"column":47},"end":{"line":21,"column":58}},{"start":{"line":21,"column":61},"end":{"line":21,"column":73}}],"line":21},"1":{"loc":{"start":{"line":26,"column":23},"end":{"line":26,"column":48}},"type":"binary-expr","locations":[{"start":{"line":26,"column":23},"end":{"line":26,"column":40}},{"start":{"line":26,"column":44},"end":{"line":26,"column":48}}],"line":26}},"s":{"0":6,"1":1,"2":6,"3":6},"f":{"0":1},"b":{"0":[0,1],"1":[1,1]},"_coverageSchema":"332fd63041d2c1bcb487cc26dd0d5f7d97098a6c","hash":"ae1262cdeb8b93b541c4cd09e67be4fa80e1a09d"}
,"/Users/raphaelmorales/codes/app/estudos/rocketseat/react-native-rocketseat/desafio_final/src/pages/components/input/styles.js": {"path":"/Users/raphaelmorales/codes/app/estudos/rocketseat/react-native-rocketseat/desafio_final/src/pages/components/input/styles.js","statementMap":{"0":{"start":{"line":4,"column":15},"end":{"line":35,"column":2}}},"fnMap":{},"branchMap":{},"s":{"0":6},"f":{},"b":{},"_coverageSchema":"332fd63041d2c1bcb487cc26dd0d5f7d97098a6c","hash":"10c7f008915780d73f0698fff60a1abc38d685d9"}
,"/Users/raphaelmorales/codes/app/estudos/rocketseat/react-native-rocketseat/desafio_final/src/pages/components/notification/index.js": {"path":"/Users/raphaelmorales/codes/app/estudos/rocketseat/react-native-rocketseat/desafio_final/src/pages/components/notification/index.js","statementMap":{"0":{"start":{"line":31,"column":25},"end":{"line":31,"column":40}},"1":{"start":{"line":34,"column":25},"end":{"line":34,"column":40}},"2":{"start":{"line":38,"column":4},"end":{"line":40,"column":5}},"3":{"start":{"line":39,"column":6},"end":{"line":39,"column":65}},"4":{"start":{"line":39,"column":25},"end":{"line":39,"column":55}},"5":{"start":{"line":44,"column":4},"end":{"line":51,"column":6}},"6":{"start":{"line":56,"column":24},"end":{"line":58,"column":2}},"7":{"start":{"line":56,"column":34},"end":{"line":58,"column":1}},"8":{"start":{"line":61,"column":27},"end":{"line":63,"column":2}},"9":{"start":{"line":61,"column":40},"end":{"line":63,"column":1}},"10":{"start":{"line":62,"column":26},"end":{"line":62,"column":74}}},"fnMap":{"0":{"name":"(anonymous_0)","decl":{"start":{"line":31,"column":2},"end":{"line":31,"column":3}},"loc":{"start":{"line":31,"column":23},"end":{"line":31,"column":42}},"line":31},"1":{"name":"(anonymous_1)","decl":{"start":{"line":34,"column":2},"end":{"line":34,"column":3}},"loc":{"start":{"line":34,"column":23},"end":{"line":34,"column":42}},"line":34},"2":{"name":"(anonymous_2)","decl":{"start":{"line":37,"column":12},"end":{"line":37,"column":13}},"loc":{"start":{"line":37,"column":18},"end":{"line":41,"column":3}},"line":37},"3":{"name":"(anonymous_3)","decl":{"start":{"line":39,"column":17},"end":{"line":39,"column":18}},"loc":{"start":{"line":39,"column":23},"end":{"line":39,"column":57}},"line":39},"4":{"name":"(anonymous_4)","decl":{"start":{"line":43,"column":2},"end":{"line":43,"column":3}},"loc":{"start":{"line":43,"column":11},"end":{"line":52,"column":3}},"line":43},"5":{"name":"(anonymous_5)","decl":{"start":{"line":56,"column":24},"end":{"line":56,"column":25}},"loc":{"start":{"line":56,"column":34},"end":{"line":58,"column":1}},"line":56},"6":{"name":"(anonymous_6)","decl":{"start":{"line":61,"column":27},"end":{"line":61,"column":28}},"loc":{"start":{"line":61,"column":40},"end":{"line":63,"column":1}},"line":61},"7":{"name":"(anonymous_7)","decl":{"start":{"line":62,"column":20},"end":{"line":62,"column":21}},"loc":{"start":{"line":62,"column":26},"end":{"line":62,"column":74}},"line":62}},"branchMap":{"0":{"loc":{"start":{"line":38,"column":4},"end":{"line":40,"column":5}},"type":"if","locations":[{"start":{"line":38,"column":4},"end":{"line":40,"column":5}},{"start":{"line":38,"column":4},"end":{"line":40,"column":5}}],"line":38},"1":{"loc":{"start":{"line":46,"column":10},"end":{"line":48,"column":20}},"type":"cond-expr","locations":[{"start":{"line":47,"column":12},"end":{"line":47,"column":91}},{"start":{"line":48,"column":12},"end":{"line":48,"column":20}}],"line":46}},"s":{"0":0,"1":0,"2":0,"3":0,"4":0,"5":0,"6":4,"7":3,"8":4,"9":3,"10":0},"f":{"0":0,"1":0,"2":0,"3":0,"4":0,"5":3,"6":3,"7":0},"b":{"0":[0,0],"1":[0,0]},"_coverageSchema":"332fd63041d2c1bcb487cc26dd0d5f7d97098a6c","hash":"7105d8559e0b7d65ba416912ce36b5090d103c6b"}
,"/Users/raphaelmorales/codes/app/estudos/rocketseat/react-native-rocketseat/desafio_final/src/pages/components/notification/styles.js": {"path":"/Users/raphaelmorales/codes/app/estudos/rocketseat/react-native-rocketseat/desafio_final/src/pages/components/notification/styles.js","statementMap":{"0":{"start":{"line":4,"column":15},"end":{"line":9,"column":2}}},"fnMap":{},"branchMap":{},"s":{"0":4},"f":{},"b":{},"_coverageSchema":"332fd63041d2c1bcb487cc26dd0d5f7d97098a6c","hash":"a4dbfdb8d4de747cfe5d35b7f59ea3a25d62ad5a"}
,"/Users/raphaelmorales/codes/app/estudos/rocketseat/react-native-rocketseat/desafio_final/src/pages/components/notification/components/msg/index.js": {"path":"/Users/raphaelmorales/codes/app/estudos/rocketseat/react-native-rocketseat/desafio_final/src/pages/components/notification/components/msg/index.js","statementMap":{"0":{"start":{"line":14,"column":12},"end":{"line":29,"column":1}},"1":{"start":{"line":15,"column":2},"end":{"line":28,"column":9}},"2":{"start":{"line":32,"column":0},"end":{"line":35,"column":2}}},"fnMap":{"0":{"name":"(anonymous_0)","decl":{"start":{"line":14,"column":12},"end":{"line":14,"column":13}},"loc":{"start":{"line":15,"column":2},"end":{"line":28,"column":9}},"line":15}},"branchMap":{"0":{"loc":{"start":{"line":18,"column":6},"end":{"line":20,"column":22}},"type":"cond-expr","locations":[{"start":{"line":19,"column":8},"end":{"line":19,"column":20}},{"start":{"line":20,"column":8},"end":{"line":20,"column":22}}],"line":18},"1":{"loc":{"start":{"line":23,"column":12},"end":{"line":23,"column":59}},"type":"cond-expr","locations":[{"start":{"line":23,"column":20},"end":{"line":23,"column":42}},{"start":{"line":23,"column":45},"end":{"line":23,"column":59}}],"line":23}},"s":{"0":5,"1":3,"2":5},"f":{"0":3},"b":{"0":[2,1],"1":[2,1]},"_coverageSchema":"332fd63041d2c1bcb487cc26dd0d5f7d97098a6c","hash":"85d3e8d4b46c4c59c2c033c80de781abff897745"}
,"/Users/raphaelmorales/codes/app/estudos/rocketseat/react-native-rocketseat/desafio_final/src/pages/components/notification/components/msg/styles.js": {"path":"/Users/raphaelmorales/codes/app/estudos/rocketseat/react-native-rocketseat/desafio_final/src/pages/components/notification/components/msg/styles.js","statementMap":{"0":{"start":{"line":4,"column":15},"end":{"line":40,"column":2}}},"fnMap":{},"branchMap":{},"s":{"0":5},"f":{},"b":{},"_coverageSchema":"332fd63041d2c1bcb487cc26dd0d5f7d97098a6c","hash":"9a9d550c8c378f0e55091eb642535d1d0e4294d3"}
,"/Users/raphaelmorales/codes/app/estudos/rocketseat/react-native-rocketseat/desafio_final/src/pages/dashboard/index.js": {"path":"/Users/raphaelmorales/codes/app/estudos/rocketseat/react-native-rocketseat/desafio_final/src/pages/dashboard/index.js","statementMap":{"0":{"start":{"line":47,"column":4},"end":{"line":47,"column":23}},"1":{"start":{"line":48,"column":4},"end":{"line":54,"column":6}},"2":{"start":{"line":55,"column":4},"end":{"line":55,"column":57}},"3":{"start":{"line":60,"column":4},"end":{"line":100,"column":6}},"4":{"start":{"line":69,"column":34},"end":{"line":69,"column":57}},"5":{"start":{"line":78,"column":38},"end":{"line":78,"column":65}},"6":{"start":{"line":87,"column":45},"end":{"line":87,"column":79}},"7":{"start":{"line":105,"column":24},"end":{"line":110,"column":2}},"8":{"start":{"line":105,"column":34},"end":{"line":110,"column":1}},"9":{"start":{"line":113,"column":27},"end":{"line":116,"column":2}},"10":{"start":{"line":113,"column":40},"end":{"line":116,"column":1}},"11":{"start":{"line":115,"column":4},"end":{"line":115,"column":87}}},"fnMap":{"0":{"name":"(anonymous_0)","decl":{"start":{"line":41,"column":2},"end":{"line":41,"column":3}},"loc":{"start":{"line":41,"column":23},"end":{"line":43,"column":3}},"line":41},"1":{"name":"(anonymous_1)","decl":{"start":{"line":46,"column":11},"end":{"line":46,"column":12}},"loc":{"start":{"line":46,"column":17},"end":{"line":56,"column":3}},"line":46},"2":{"name":"(anonymous_2)","decl":{"start":{"line":59,"column":2},"end":{"line":59,"column":3}},"loc":{"start":{"line":59,"column":11},"end":{"line":101,"column":3}},"line":59},"3":{"name":"(anonymous_3)","decl":{"start":{"line":69,"column":26},"end":{"line":69,"column":27}},"loc":{"start":{"line":69,"column":34},"end":{"line":69,"column":57}},"line":69},"4":{"name":"(anonymous_4)","decl":{"start":{"line":78,"column":26},"end":{"line":78,"column":27}},"loc":{"start":{"line":78,"column":38},"end":{"line":78,"column":65}},"line":78},"5":{"name":"(anonymous_5)","decl":{"start":{"line":87,"column":26},"end":{"line":87,"column":27}},"loc":{"start":{"line":87,"column":45},"end":{"line":87,"column":79}},"line":87},"6":{"name":"(anonymous_6)","decl":{"start":{"line":105,"column":24},"end":{"line":105,"column":25}},"loc":{"start":{"line":105,"column":34},"end":{"line":110,"column":1}},"line":105},"7":{"name":"(anonymous_7)","decl":{"start":{"line":113,"column":27},"end":{"line":113,"column":28}},"loc":{"start":{"line":113,"column":40},"end":{"line":116,"column":1}},"line":113},"8":{"name":"(anonymous_8)","decl":{"start":{"line":114,"column":14},"end":{"line":114,"column":15}},"loc":{"start":{"line":115,"column":4},"end":{"line":115,"column":87}},"line":115}},"branchMap":{},"s":{"0":0,"1":0,"2":0,"3":2,"4":0,"5":0,"6":0,"7":1,"8":2,"9":1,"10":2,"11":0},"f":{"0":2,"1":0,"2":2,"3":0,"4":0,"5":0,"6":2,"7":2,"8":0},"b":{},"_coverageSchema":"332fd63041d2c1bcb487cc26dd0d5f7d97098a6c","hash":"0377467b6ab0132cc4b095fdb6d3e93eab23585e"}
,"/Users/raphaelmorales/codes/app/estudos/rocketseat/react-native-rocketseat/desafio_final/src/pages/dashboard/styles.js": {"path":"/Users/raphaelmorales/codes/app/estudos/rocketseat/react-native-rocketseat/desafio_final/src/pages/dashboard/styles.js","statementMap":{"0":{"start":{"line":4,"column":15},"end":{"line":37,"column":2}}},"fnMap":{},"branchMap":{},"s":{"0":1},"f":{},"b":{},"_coverageSchema":"332fd63041d2c1bcb487cc26dd0d5f7d97098a6c","hash":"9b0eb3622836a3c6358998d6811da1acd8fb793e"}
,"/Users/raphaelmorales/codes/app/estudos/rocketseat/react-native-rocketseat/desafio_final/src/pages/identification/index.js": {"path":"/Users/raphaelmorales/codes/app/estudos/rocketseat/react-native-rocketseat/desafio_final/src/pages/identification/index.js","statementMap":{"0":{"start":{"line":53,"column":4},"end":{"line":53,"column":111}},"1":{"start":{"line":53,"column":50},"end":{"line":53,"column":109}},"2":{"start":{"line":54,"column":4},"end":{"line":54,"column":115}},"3":{"start":{"line":54,"column":51},"end":{"line":54,"column":113}},"4":{"start":{"line":59,"column":4},"end":{"line":64,"column":6}},"5":{"start":{"line":69,"column":4},"end":{"line":69,"column":23}},"6":{"start":{"line":70,"column":4},"end":{"line":70,"column":44}},"7":{"start":{"line":75,"column":4},"end":{"line":93,"column":6}},"8":{"start":{"line":82,"column":33},"end":{"line":82,"column":104}},"9":{"start":{"line":98,"column":24},"end":{"line":103,"column":2}},"10":{"start":{"line":98,"column":34},"end":{"line":103,"column":1}},"11":{"start":{"line":106,"column":27},"end":{"line":108,"column":2}},"12":{"start":{"line":106,"column":40},"end":{"line":108,"column":1}},"13":{"start":{"line":107,"column":23},"end":{"line":107,"column":68}}},"fnMap":{"0":{"name":"(anonymous_0)","decl":{"start":{"line":47,"column":2},"end":{"line":47,"column":3}},"loc":{"start":{"line":47,"column":23},"end":{"line":49,"column":3}},"line":47},"1":{"name":"(anonymous_1)","decl":{"start":{"line":52,"column":2},"end":{"line":52,"column":3}},"loc":{"start":{"line":52,"column":23},"end":{"line":55,"column":3}},"line":52},"2":{"name":"(anonymous_2)","decl":{"start":{"line":58,"column":17},"end":{"line":58,"column":18}},"loc":{"start":{"line":59,"column":4},"end":{"line":64,"column":6}},"line":59},"3":{"name":"(anonymous_3)","decl":{"start":{"line":68,"column":22},"end":{"line":68,"column":23}},"loc":{"start":{"line":68,"column":28},"end":{"line":71,"column":3}},"line":68},"4":{"name":"(anonymous_4)","decl":{"start":{"line":74,"column":2},"end":{"line":74,"column":3}},"loc":{"start":{"line":74,"column":11},"end":{"line":94,"column":3}},"line":74},"5":{"name":"(anonymous_5)","decl":{"start":{"line":82,"column":24},"end":{"line":82,"column":25}},"loc":{"start":{"line":82,"column":33},"end":{"line":82,"column":104}},"line":82},"6":{"name":"(anonymous_6)","decl":{"start":{"line":98,"column":24},"end":{"line":98,"column":25}},"loc":{"start":{"line":98,"column":34},"end":{"line":103,"column":1}},"line":98},"7":{"name":"(anonymous_7)","decl":{"start":{"line":106,"column":27},"end":{"line":106,"column":28}},"loc":{"start":{"line":106,"column":40},"end":{"line":108,"column":1}},"line":106},"8":{"name":"(anonymous_8)","decl":{"start":{"line":107,"column":14},"end":{"line":107,"column":15}},"loc":{"start":{"line":107,"column":23},"end":{"line":107,"column":68}},"line":107}},"branchMap":{"0":{"loc":{"start":{"line":53,"column":4},"end":{"line":53,"column":111}},"type":"if","locations":[{"start":{"line":53,"column":4},"end":{"line":53,"column":111}},{"start":{"line":53,"column":4},"end":{"line":53,"column":111}}],"line":53},"1":{"loc":{"start":{"line":54,"column":4},"end":{"line":54,"column":115}},"type":"if","locations":[{"start":{"line":54,"column":4},"end":{"line":54,"column":115}},{"start":{"line":54,"column":4},"end":{"line":54,"column":115}}],"line":54}},"s":{"0":0,"1":0,"2":0,"3":0,"4":0,"5":0,"6":0,"7":4,"8":0,"9":1,"10":4,"11":1,"12":4,"13":0},"f":{"0":4,"1":0,"2":0,"3":0,"4":4,"5":0,"6":4,"7":4,"8":0},"b":{"0":[0,0],"1":[0,0]},"_coverageSchema":"332fd63041d2c1bcb487cc26dd0d5f7d97098a6c","hash":"cf8452b8d67b5129cd4ab8964f9976f2bbfdcaa3"}
,"/Users/raphaelmorales/codes/app/estudos/rocketseat/react-native-rocketseat/desafio_final/src/pages/identification/styles.js": {"path":"/Users/raphaelmorales/codes/app/estudos/rocketseat/react-native-rocketseat/desafio_final/src/pages/identification/styles.js","statementMap":{"0":{"start":{"line":4,"column":15},"end":{"line":19,"column":2}}},"fnMap":{},"branchMap":{},"s":{"0":1},"f":{},"b":{},"_coverageSchema":"332fd63041d2c1bcb487cc26dd0d5f7d97098a6c","hash":"1b06685dc49252672737e38c5c731959cd29db88"}
,"/Users/raphaelmorales/codes/app/estudos/rocketseat/react-native-rocketseat/desafio_final/src/pages/login/index.js": {"path":"/Users/raphaelmorales/codes/app/estudos/rocketseat/react-native-rocketseat/desafio_final/src/pages/login/index.js","statementMap":{"0":{"start":{"line":56,"column":4},"end":{"line":56,"column":105}},"1":{"start":{"line":56,"column":41},"end":{"line":56,"column":103}},"2":{"start":{"line":61,"column":4},"end":{"line":66,"column":6}},"3":{"start":{"line":71,"column":4},"end":{"line":71,"column":23}},"4":{"start":{"line":72,"column":4},"end":{"line":72,"column":67}},"5":{"start":{"line":77,"column":4},"end":{"line":105,"column":6}},"6":{"start":{"line":84,"column":33},"end":{"line":84,"column":104}},"7":{"start":{"line":92,"column":36},"end":{"line":92,"column":63}},"8":{"start":{"line":110,"column":24},"end":{"line":115,"column":2}},"9":{"start":{"line":110,"column":34},"end":{"line":115,"column":1}},"10":{"start":{"line":118,"column":27},"end":{"line":120,"column":2}},"11":{"start":{"line":118,"column":40},"end":{"line":120,"column":1}},"12":{"start":{"line":119,"column":37},"end":{"line":119,"column":89}}},"fnMap":{"0":{"name":"(anonymous_0)","decl":{"start":{"line":50,"column":2},"end":{"line":50,"column":3}},"loc":{"start":{"line":50,"column":23},"end":{"line":52,"column":3}},"line":50},"1":{"name":"(anonymous_1)","decl":{"start":{"line":55,"column":2},"end":{"line":55,"column":3}},"loc":{"start":{"line":55,"column":23},"end":{"line":57,"column":3}},"line":55},"2":{"name":"(anonymous_2)","decl":{"start":{"line":60,"column":17},"end":{"line":60,"column":18}},"loc":{"start":{"line":61,"column":4},"end":{"line":66,"column":6}},"line":61},"3":{"name":"(anonymous_3)","decl":{"start":{"line":70,"column":10},"end":{"line":70,"column":11}},"loc":{"start":{"line":70,"column":16},"end":{"line":73,"column":3}},"line":70},"4":{"name":"(anonymous_4)","decl":{"start":{"line":76,"column":2},"end":{"line":76,"column":3}},"loc":{"start":{"line":76,"column":11},"end":{"line":106,"column":3}},"line":76},"5":{"name":"(anonymous_5)","decl":{"start":{"line":84,"column":24},"end":{"line":84,"column":25}},"loc":{"start":{"line":84,"column":33},"end":{"line":84,"column":104}},"line":84},"6":{"name":"(anonymous_6)","decl":{"start":{"line":92,"column":24},"end":{"line":92,"column":25}},"loc":{"start":{"line":92,"column":36},"end":{"line":92,"column":63}},"line":92},"7":{"name":"(anonymous_7)","decl":{"start":{"line":110,"column":24},"end":{"line":110,"column":25}},"loc":{"start":{"line":110,"column":34},"end":{"line":115,"column":1}},"line":110},"8":{"name":"(anonymous_8)","decl":{"start":{"line":118,"column":27},"end":{"line":118,"column":28}},"loc":{"start":{"line":118,"column":40},"end":{"line":120,"column":1}},"line":118},"9":{"name":"(anonymous_9)","decl":{"start":{"line":119,"column":16},"end":{"line":119,"column":17}},"loc":{"start":{"line":119,"column":37},"end":{"line":119,"column":89}},"line":119}},"branchMap":{"0":{"loc":{"start":{"line":56,"column":4},"end":{"line":56,"column":105}},"type":"if","locations":[{"start":{"line":56,"column":4},"end":{"line":56,"column":105}},{"start":{"line":56,"column":4},"end":{"line":56,"column":105}}],"line":56}},"s":{"0":0,"1":0,"2":0,"3":0,"4":0,"5":4,"6":0,"7":0,"8":1,"9":4,"10":1,"11":4,"12":0},"f":{"0":4,"1":0,"2":0,"3":0,"4":4,"5":0,"6":0,"7":4,"8":4,"9":0},"b":{"0":[0,0]},"_coverageSchema":"332fd63041d2c1bcb487cc26dd0d5f7d97098a6c","hash":"ea914a7790cdb941d7be2eaccfbdc3312cacfb8a"}
,"/Users/raphaelmorales/codes/app/estudos/rocketseat/react-native-rocketseat/desafio_final/src/pages/login/styles.js": {"path":"/Users/raphaelmorales/codes/app/estudos/rocketseat/react-native-rocketseat/desafio_final/src/pages/login/styles.js","statementMap":{"0":{"start":{"line":4,"column":15},"end":{"line":27,"column":2}}},"fnMap":{},"branchMap":{},"s":{"0":1},"f":{},"b":{},"_coverageSchema":"332fd63041d2c1bcb487cc26dd0d5f7d97098a6c","hash":"6a2c1d5dabde18c8e422cbdfc3c86718e8eea951"}
,"/Users/raphaelmorales/codes/app/estudos/rocketseat/react-native-rocketseat/desafio_final/src/pages/register/index.js": {"path":"/Users/raphaelmorales/codes/app/estudos/rocketseat/react-native-rocketseat/desafio_final/src/pages/register/index.js","statementMap":{"0":{"start":{"line":61,"column":4},"end":{"line":61,"column":105}},"1":{"start":{"line":61,"column":41},"end":{"line":61,"column":103}},"2":{"start":{"line":65,"column":23},"end":{"line":65,"column":62}},"3":{"start":{"line":69,"column":4},"end":{"line":74,"column":6}},"4":{"start":{"line":79,"column":4},"end":{"line":79,"column":23}},"5":{"start":{"line":80,"column":4},"end":{"line":80,"column":87}},"6":{"start":{"line":85,"column":4},"end":{"line":123,"column":6}},"7":{"start":{"line":92,"column":33},"end":{"line":92,"column":104}},"8":{"start":{"line":100,"column":32},"end":{"line":100,"column":55}},"9":{"start":{"line":108,"column":36},"end":{"line":108,"column":63}},"10":{"start":{"line":128,"column":24},"end":{"line":133,"column":2}},"11":{"start":{"line":128,"column":34},"end":{"line":133,"column":1}},"12":{"start":{"line":136,"column":27},"end":{"line":138,"column":2}},"13":{"start":{"line":136,"column":40},"end":{"line":138,"column":1}},"14":{"start":{"line":137,"column":46},"end":{"line":137,"column":112}}},"fnMap":{"0":{"name":"(anonymous_0)","decl":{"start":{"line":55,"column":2},"end":{"line":55,"column":3}},"loc":{"start":{"line":55,"column":23},"end":{"line":57,"column":3}},"line":55},"1":{"name":"(anonymous_1)","decl":{"start":{"line":60,"column":2},"end":{"line":60,"column":3}},"loc":{"start":{"line":60,"column":23},"end":{"line":62,"column":3}},"line":60},"2":{"name":"(anonymous_2)","decl":{"start":{"line":65,"column":16},"end":{"line":65,"column":17}},"loc":{"start":{"line":65,"column":23},"end":{"line":65,"column":62}},"line":65},"3":{"name":"(anonymous_3)","decl":{"start":{"line":68,"column":17},"end":{"line":68,"column":18}},"loc":{"start":{"line":69,"column":4},"end":{"line":74,"column":6}},"line":69},"4":{"name":"(anonymous_4)","decl":{"start":{"line":78,"column":13},"end":{"line":78,"column":14}},"loc":{"start":{"line":78,"column":19},"end":{"line":81,"column":3}},"line":78},"5":{"name":"(anonymous_5)","decl":{"start":{"line":84,"column":2},"end":{"line":84,"column":3}},"loc":{"start":{"line":84,"column":11},"end":{"line":124,"column":3}},"line":84},"6":{"name":"(anonymous_6)","decl":{"start":{"line":92,"column":24},"end":{"line":92,"column":25}},"loc":{"start":{"line":92,"column":33},"end":{"line":92,"column":104}},"line":92},"7":{"name":"(anonymous_7)","decl":{"start":{"line":100,"column":24},"end":{"line":100,"column":25}},"loc":{"start":{"line":100,"column":32},"end":{"line":100,"column":55}},"line":100},"8":{"name":"(anonymous_8)","decl":{"start":{"line":108,"column":24},"end":{"line":108,"column":25}},"loc":{"start":{"line":108,"column":36},"end":{"line":108,"column":63}},"line":108},"9":{"name":"(anonymous_9)","decl":{"start":{"line":128,"column":24},"end":{"line":128,"column":25}},"loc":{"start":{"line":128,"column":34},"end":{"line":133,"column":1}},"line":128},"10":{"name":"(anonymous_10)","decl":{"start":{"line":136,"column":27},"end":{"line":136,"column":28}},"loc":{"start":{"line":136,"column":40},"end":{"line":138,"column":1}},"line":136},"11":{"name":"(anonymous_11)","decl":{"start":{"line":137,"column":19},"end":{"line":137,"column":20}},"loc":{"start":{"line":137,"column":46},"end":{"line":137,"column":112}},"line":137}},"branchMap":{"0":{"loc":{"start":{"line":61,"column":4},"end":{"line":61,"column":105}},"type":"if","locations":[{"start":{"line":61,"column":4},"end":{"line":61,"column":105}},{"start":{"line":61,"column":4},"end":{"line":61,"column":105}}],"line":61}},"s":{"0":0,"1":0,"2":0,"3":0,"4":0,"5":0,"6":4,"7":0,"8":0,"9":0,"10":1,"11":4,"12":1,"13":4,"14":0},"f":{"0":4,"1":0,"2":0,"3":0,"4":0,"5":4,"6":0,"7":0,"8":0,"9":4,"10":4,"11":0},"b":{"0":[0,0]},"_coverageSchema":"332fd63041d2c1bcb487cc26dd0d5f7d97098a6c","hash":"46e540576bd4330def736585c511b672b8ac6d7c"}
,"/Users/raphaelmorales/codes/app/estudos/rocketseat/react-native-rocketseat/desafio_final/src/pages/register/styles.js": {"path":"/Users/raphaelmorales/codes/app/estudos/rocketseat/react-native-rocketseat/desafio_final/src/pages/register/styles.js","statementMap":{"0":{"start":{"line":4,"column":15},"end":{"line":27,"column":2}}},"fnMap":{},"branchMap":{},"s":{"0":1},"f":{},"b":{},"_coverageSchema":"332fd63041d2c1bcb487cc26dd0d5f7d97098a6c","hash":"d9f0367b9e0500c7e3d550b0c006bf41e72fbf42"}
,"/Users/raphaelmorales/codes/app/estudos/rocketseat/react-native-rocketseat/desafio_final/src/redux/ducks/calendar.js": {"path":"/Users/raphaelmorales/codes/app/estudos/rocketseat/react-native-rocketseat/desafio_final/src/redux/ducks/calendar.js","statementMap":{"0":{"start":{"line":4,"column":28},"end":{"line":10,"column":2}},"1":{"start":{"line":15,"column":29},"end":{"line":19,"column":1}},"2":{"start":{"line":22,"column":27},"end":{"line":22,"column":83}},"3":{"start":{"line":22,"column":47},"end":{"line":22,"column":82}},"4":{"start":{"line":23,"column":25},"end":{"line":23,"column":50}},"5":{"start":{"line":23,"column":37},"end":{"line":23,"column":49}},"6":{"start":{"line":24,"column":32},"end":{"line":24,"column":90}},"7":{"start":{"line":24,"column":52},"end":{"line":24,"column":89}},"8":{"start":{"line":25,"column":24},"end":{"line":25,"column":69}},"9":{"start":{"line":25,"column":36},"end":{"line":25,"column":68}},"10":{"start":{"line":26,"column":24},"end":{"line":26,"column":70}},"11":{"start":{"line":26,"column":36},"end":{"line":26,"column":69}},"12":{"start":{"line":29,"column":23},"end":{"line":35,"column":2}}},"fnMap":{"0":{"name":"(anonymous_0)","decl":{"start":{"line":22,"column":27},"end":{"line":22,"column":28}},"loc":{"start":{"line":22,"column":47},"end":{"line":22,"column":82}},"line":22},"1":{"name":"(anonymous_1)","decl":{"start":{"line":23,"column":25},"end":{"line":23,"column":26}},"loc":{"start":{"line":23,"column":37},"end":{"line":23,"column":49}},"line":23},"2":{"name":"(anonymous_2)","decl":{"start":{"line":24,"column":32},"end":{"line":24,"column":33}},"loc":{"start":{"line":24,"column":52},"end":{"line":24,"column":89}},"line":24},"3":{"name":"(anonymous_3)","decl":{"start":{"line":25,"column":24},"end":{"line":25,"column":25}},"loc":{"start":{"line":25,"column":36},"end":{"line":25,"column":68}},"line":25},"4":{"name":"(anonymous_4)","decl":{"start":{"line":26,"column":24},"end":{"line":26,"column":25}},"loc":{"start":{"line":26,"column":36},"end":{"line":26,"column":69}},"line":26}},"branchMap":{},"s":{"0":1,"1":1,"2":1,"3":0,"4":1,"5":0,"6":1,"7":0,"8":1,"9":0,"10":1,"11":0,"12":1},"f":{"0":0,"1":0,"2":0,"3":0,"4":0},"b":{},"_coverageSchema":"332fd63041d2c1bcb487cc26dd0d5f7d97098a6c","hash":"f1cc5f7ea8eb3985016a2ee6220d3aa257e65df4"}
,"/Users/raphaelmorales/codes/app/estudos/rocketseat/react-native-rocketseat/desafio_final/src/redux/ducks/login.js": {"path":"/Users/raphaelmorales/codes/app/estudos/rocketseat/react-native-rocketseat/desafio_final/src/redux/ducks/login.js","statementMap":{"0":{"start":{"line":4,"column":28},"end":{"line":12,"column":2}},"1":{"start":{"line":17,"column":29},"end":{"line":17,"column":72}},"2":{"start":{"line":20,"column":26},"end":{"line":20,"column":49}},"3":{"start":{"line":20,"column":36},"end":{"line":20,"column":48}},"4":{"start":{"line":21,"column":28},"end":{"line":21,"column":71}},"5":{"start":{"line":21,"column":38},"end":{"line":21,"column":70}},"6":{"start":{"line":22,"column":28},"end":{"line":22,"column":72}},"7":{"start":{"line":22,"column":38},"end":{"line":22,"column":71}},"8":{"start":{"line":23,"column":28},"end":{"line":23,"column":51}},"9":{"start":{"line":23,"column":38},"end":{"line":23,"column":50}},"10":{"start":{"line":24,"column":36},"end":{"line":24,"column":59}},"11":{"start":{"line":24,"column":46},"end":{"line":24,"column":58}},"12":{"start":{"line":25,"column":28},"end":{"line":25,"column":71}},"13":{"start":{"line":25,"column":38},"end":{"line":25,"column":70}},"14":{"start":{"line":26,"column":28},"end":{"line":26,"column":51}},"15":{"start":{"line":26,"column":38},"end":{"line":26,"column":50}},"16":{"start":{"line":29,"column":23},"end":{"line":37,"column":2}}},"fnMap":{"0":{"name":"(anonymous_0)","decl":{"start":{"line":20,"column":26},"end":{"line":20,"column":27}},"loc":{"start":{"line":20,"column":36},"end":{"line":20,"column":48}},"line":20},"1":{"name":"(anonymous_1)","decl":{"start":{"line":21,"column":28},"end":{"line":21,"column":29}},"loc":{"start":{"line":21,"column":38},"end":{"line":21,"column":70}},"line":21},"2":{"name":"(anonymous_2)","decl":{"start":{"line":22,"column":28},"end":{"line":22,"column":29}},"loc":{"start":{"line":22,"column":38},"end":{"line":22,"column":71}},"line":22},"3":{"name":"(anonymous_3)","decl":{"start":{"line":23,"column":28},"end":{"line":23,"column":29}},"loc":{"start":{"line":23,"column":38},"end":{"line":23,"column":50}},"line":23},"4":{"name":"(anonymous_4)","decl":{"start":{"line":24,"column":36},"end":{"line":24,"column":37}},"loc":{"start":{"line":24,"column":46},"end":{"line":24,"column":58}},"line":24},"5":{"name":"(anonymous_5)","decl":{"start":{"line":25,"column":28},"end":{"line":25,"column":29}},"loc":{"start":{"line":25,"column":38},"end":{"line":25,"column":70}},"line":25},"6":{"name":"(anonymous_6)","decl":{"start":{"line":26,"column":28},"end":{"line":26,"column":29}},"loc":{"start":{"line":26,"column":38},"end":{"line":26,"column":50}},"line":26}},"branchMap":{},"s":{"0":3,"1":3,"2":3,"3":0,"4":3,"5":0,"6":3,"7":0,"8":3,"9":0,"10":3,"11":0,"12":3,"13":0,"14":3,"15":0,"16":3},"f":{"0":0,"1":0,"2":0,"3":0,"4":0,"5":0,"6":0},"b":{},"_coverageSchema":"332fd63041d2c1bcb487cc26dd0d5f7d97098a6c","hash":"ce017a485c5b1d78fee7567ac5101a77a5db2d05"}
,"/Users/raphaelmorales/codes/app/estudos/rocketseat/react-native-rocketseat/desafio_final/src/redux/ducks/notification.js": {"path":"/Users/raphaelmorales/codes/app/estudos/rocketseat/react-native-rocketseat/desafio_final/src/redux/ducks/notification.js","statementMap":{"0":{"start":{"line":4,"column":28},"end":{"line":7,"column":2}},"1":{"start":{"line":12,"column":29},"end":{"line":12,"column":67}},"2":{"start":{"line":15,"column":20},"end":{"line":15,"column":109}},"3":{"start":{"line":15,"column":40},"end":{"line":15,"column":108}},"4":{"start":{"line":16,"column":20},"end":{"line":16,"column":66}},"5":{"start":{"line":16,"column":27},"end":{"line":16,"column":65}},"6":{"start":{"line":19,"column":23},"end":{"line":22,"column":2}}},"fnMap":{"0":{"name":"(anonymous_0)","decl":{"start":{"line":15,"column":20},"end":{"line":15,"column":21}},"loc":{"start":{"line":15,"column":40},"end":{"line":15,"column":108}},"line":15},"1":{"name":"(anonymous_1)","decl":{"start":{"line":16,"column":20},"end":{"line":16,"column":21}},"loc":{"start":{"line":16,"column":27},"end":{"line":16,"column":65}},"line":16}},"branchMap":{},"s":{"0":4,"1":4,"2":4,"3":0,"4":4,"5":0,"6":4},"f":{"0":0,"1":0},"b":{},"_coverageSchema":"332fd63041d2c1bcb487cc26dd0d5f7d97098a6c","hash":"e8524ce5de5ba7e5a19fc1558c689b0d145f043a"}
,"/Users/raphaelmorales/codes/app/estudos/rocketseat/react-native-rocketseat/desafio_final/src/redux/ducks/todo.js": {"path":"/Users/raphaelmorales/codes/app/estudos/rocketseat/react-native-rocketseat/desafio_final/src/redux/ducks/todo.js","statementMap":{"0":{"start":{"line":4,"column":28},"end":{"line":20,"column":2}},"1":{"start":{"line":25,"column":29},"end":{"line":28,"column":1}},"2":{"start":{"line":31,"column":25},"end":{"line":31,"column":61}},"3":{"start":{"line":31,"column":35},"end":{"line":31,"column":60}},"4":{"start":{"line":32,"column":25},"end":{"line":32,"column":62}},"5":{"start":{"line":32,"column":35},"end":{"line":32,"column":61}},"6":{"start":{"line":33,"column":23},"end":{"line":33,"column":46}},"7":{"start":{"line":33,"column":33},"end":{"line":33,"column":45}},"8":{"start":{"line":34,"column":24},"end":{"line":34,"column":47}},"9":{"start":{"line":34,"column":34},"end":{"line":34,"column":46}},"10":{"start":{"line":35,"column":31},"end":{"line":35,"column":94}},"11":{"start":{"line":35,"column":52},"end":{"line":35,"column":93}},"12":{"start":{"line":36,"column":22},"end":{"line":36,"column":45}},"13":{"start":{"line":36,"column":34},"end":{"line":36,"column":44}},"14":{"start":{"line":39,"column":23},"end":{"line":46,"column":2}}},"fnMap":{"0":{"name":"(anonymous_0)","decl":{"start":{"line":31,"column":25},"end":{"line":31,"column":26}},"loc":{"start":{"line":31,"column":35},"end":{"line":31,"column":60}},"line":31},"1":{"name":"(anonymous_1)","decl":{"start":{"line":32,"column":25},"end":{"line":32,"column":26}},"loc":{"start":{"line":32,"column":35},"end":{"line":32,"column":61}},"line":32},"2":{"name":"(anonymous_2)","decl":{"start":{"line":33,"column":23},"end":{"line":33,"column":24}},"loc":{"start":{"line":33,"column":33},"end":{"line":33,"column":45}},"line":33},"3":{"name":"(anonymous_3)","decl":{"start":{"line":34,"column":24},"end":{"line":34,"column":25}},"loc":{"start":{"line":34,"column":34},"end":{"line":34,"column":46}},"line":34},"4":{"name":"(anonymous_4)","decl":{"start":{"line":35,"column":31},"end":{"line":35,"column":32}},"loc":{"start":{"line":35,"column":52},"end":{"line":35,"column":93}},"line":35},"5":{"name":"(anonymous_5)","decl":{"start":{"line":36,"column":22},"end":{"line":36,"column":23}},"loc":{"start":{"line":36,"column":34},"end":{"line":36,"column":44}},"line":36}},"branchMap":{},"s":{"0":5,"1":5,"2":5,"3":0,"4":5,"5":0,"6":5,"7":0,"8":5,"9":0,"10":5,"11":0,"12":5,"13":0,"14":5},"f":{"0":0,"1":0,"2":0,"3":0,"4":0,"5":0},"b":{},"_coverageSchema":"332fd63041d2c1bcb487cc26dd0d5f7d97098a6c","hash":"c29a2144fec1cf93bef0c62be919b9724e612f72"}
,"/Users/raphaelmorales/codes/app/estudos/rocketseat/react-native-rocketseat/desafio_final/src/redux/ducks/user.js": {"path":"/Users/raphaelmorales/codes/app/estudos/rocketseat/react-native-rocketseat/desafio_final/src/redux/ducks/user.js","statementMap":{"0":{"start":{"line":4,"column":28},"end":{"line":8,"column":2}},"1":{"start":{"line":13,"column":29},"end":{"line":20,"column":1}},"2":{"start":{"line":23,"column":33},"end":{"line":25,"column":2}},"3":{"start":{"line":23,"column":43},"end":{"line":25,"column":1}},"4":{"start":{"line":27,"column":29},"end":{"line":34,"column":2}},"5":{"start":{"line":27,"column":49},"end":{"line":34,"column":1}},"6":{"start":{"line":36,"column":31},"end":{"line":39,"column":2}},"7":{"start":{"line":36,"column":51},"end":{"line":39,"column":1}},"8":{"start":{"line":42,"column":23},"end":{"line":46,"column":2}}},"fnMap":{"0":{"name":"(anonymous_0)","decl":{"start":{"line":23,"column":33},"end":{"line":23,"column":34}},"loc":{"start":{"line":23,"column":43},"end":{"line":25,"column":1}},"line":23},"1":{"name":"(anonymous_1)","decl":{"start":{"line":27,"column":29},"end":{"line":27,"column":30}},"loc":{"start":{"line":27,"column":49},"end":{"line":34,"column":1}},"line":27},"2":{"name":"(anonymous_2)","decl":{"start":{"line":36,"column":31},"end":{"line":36,"column":32}},"loc":{"start":{"line":36,"column":51},"end":{"line":39,"column":1}},"line":36}},"branchMap":{},"s":{"0":1,"1":1,"2":1,"3":0,"4":1,"5":0,"6":1,"7":0,"8":1},"f":{"0":0,"1":0,"2":0},"b":{},"_coverageSchema":"332fd63041d2c1bcb487cc26dd0d5f7d97098a6c","hash":"3351188224a6bcbdba8068da682fb3bf1be18ee5"}
,"/Users/raphaelmorales/codes/app/estudos/rocketseat/react-native-rocketseat/desafio_final/src/styles/colors.js": {"path":"/Users/raphaelmorales/codes/app/estudos/rocketseat/react-native-rocketseat/desafio_final/src/styles/colors.js","statementMap":{},"fnMap":{},"branchMap":{},"s":{},"f":{},"b":{},"_coverageSchema":"332fd63041d2c1bcb487cc26dd0d5f7d97098a6c","hash":"669c0b37f9fa953353624d7326b8f4e2092ae2c0"}
,"/Users/raphaelmorales/codes/app/estudos/rocketseat/react-native-rocketseat/desafio_final/src/styles/fonts.js": {"path":"/Users/raphaelmorales/codes/app/estudos/rocketseat/react-native-rocketseat/desafio_final/src/styles/fonts.js","statementMap":{},"fnMap":{},"branchMap":{},"s":{},"f":{},"b":{},"_coverageSchema":"332fd63041d2c1bcb487cc26dd0d5f7d97098a6c","hash":"23a4d29f64df980b4c6dae044a0874ccb586db58"}
,"/Users/raphaelmorales/codes/app/estudos/rocketseat/react-native-rocketseat/desafio_final/src/styles/general.js": {"path":"/Users/raphaelmorales/codes/app/estudos/rocketseat/react-native-rocketseat/desafio_final/src/styles/general.js","statementMap":{},"fnMap":{},"branchMap":{},"s":{},"f":{},"b":{},"_coverageSchema":"332fd63041d2c1bcb487cc26dd0d5f7d97098a6c","hash":"a1ea691d74cbf7d5855a39d398c406c66d8daea0"}
,"/Users/raphaelmorales/codes/app/estudos/rocketseat/react-native-rocketseat/desafio_final/src/styles/index.js": {"path":"/Users/raphaelmorales/codes/app/estudos/rocketseat/react-native-rocketseat/desafio_final/src/styles/index.js","statementMap":{},"fnMap":{},"branchMap":{},"s":{},"f":{},"b":{},"_coverageSchema":"332fd63041d2c1bcb487cc26dd0d5f7d97098a6c","hash":"b84c3e982c044cd300def050cd3e55cefdbf4008"}
,"/Users/raphaelmorales/codes/app/estudos/rocketseat/react-native-rocketseat/desafio_final/src/styles/metrics.js": {"path":"/Users/raphaelmorales/codes/app/estudos/rocketseat/react-native-rocketseat/desafio_final/src/styles/metrics.js","statementMap":{"0":{"start":{"line":3,"column":26},"end":{"line":3,"column":50}}},"fnMap":{},"branchMap":{"0":{"loc":{"start":{"line":10,"column":15},"end":{"line":10,"column":46}},"type":"cond-expr","locations":[{"start":{"line":10,"column":32},"end":{"line":10,"column":37}},{"start":{"line":10,"column":40},"end":{"line":10,"column":46}}],"line":10},"1":{"loc":{"start":{"line":11,"column":16},"end":{"line":11,"column":47}},"type":"cond-expr","locations":[{"start":{"line":11,"column":33},"end":{"line":11,"column":39}},{"start":{"line":11,"column":42},"end":{"line":11,"column":47}}],"line":11},"2":{"loc":{"start":{"line":14,"column":19},"end":{"line":14,"column":51}},"type":"cond-expr","locations":[{"start":{"line":14,"column":45},"end":{"line":14,"column":47}},{"start":{"line":14,"column":50},"end":{"line":14,"column":51}}],"line":14}},"s":{"0":14},"f":{},"b":{"0":[14,0],"1":[14,0],"2":[14,0]},"_coverageSchema":"332fd63041d2c1bcb487cc26dd0d5f7d97098a6c","hash":"45ebf83d7b2b0bd9d941533cad4c13c7ce8fc104"}
}
