TN:
SF:/Users/raphaelmorales/codes/app/estudos/rocketseat/react-native-rocketseat/desafio_final/__tests__/setup.js
FNF:0
FNH:0
DA:4,14
LF:1
LH:1
BRF:0
BRH:0
end_of_record
TN:
SF:/Users/raphaelmorales/codes/app/estudos/rocketseat/react-native-rocketseat/desafio_final/src/pages/calendar/components/adder/index.js
FN:48,(anonymous_0)
FN:62,(anonymous_1)
FN:81,(anonymous_2)
FN:86,(anonymous_3)
FN:94,(anonymous_4)
FN:119,(anonymous_5)
FN:129,(anonymous_6)
FN:130,(anonymous_7)
FN:131,(anonymous_8)
FNF:9
FNH:3
FNDA:0,(anonymous_0)
FNDA:5,(anonymous_1)
FNDA:0,(anonymous_2)
FNDA:0,(anonymous_3)
FNDA:0,(anonymous_4)
FNDA:1,(anonymous_5)
FNDA:1,(anonymous_6)
FNDA:0,(anonymous_7)
FNDA:0,(anonymous_8)
DA:49,0
DA:50,0
DA:58,0
DA:63,5
DA:81,0
DA:86,0
DA:94,0
DA:119,1
DA:129,1
DA:130,0
DA:132,0
LF:11
LH:3
BRF:0
BRH:0
end_of_record
TN:
SF:/Users/raphaelmorales/codes/app/estudos/rocketseat/react-native-rocketseat/desafio_final/src/pages/calendar/components/adder/styles.js
FNF:0
FNH:0
DA:4,1
LF:1
LH:1
BRF:0
BRH:0
end_of_record
TN:
SF:/Users/raphaelmorales/codes/app/estudos/rocketseat/react-native-rocketseat/desafio_final/src/pages/calendar/components/calendars/index.js
FN:43,(anonymous_0)
FN:50,(anonymous_1)
FN:59,(anonymous_2)
FN:64,(anonymous_3)
FN:98,(anonymous_4)
FN:100,(anonymous_5)
FN:113,(anonymous_6)
FN:123,(anonymous_7)
FN:124,(anonymous_8)
FNF:9
FNH:2
FNDA:0,(anonymous_0)
FNDA:0,(anonymous_1)
FNDA:0,(anonymous_2)
FNDA:0,(anonymous_3)
FNDA:0,(anonymous_4)
FNDA:0,(anonymous_5)
FNDA:1,(anonymous_6)
FNDA:1,(anonymous_7)
FNDA:0,(anonymous_8)
DA:44,0
DA:45,0
DA:51,0
DA:60,0
DA:65,0
DA:80,0
DA:81,0
DA:98,0
DA:100,0
DA:113,1
DA:123,1
DA:124,0
LF:12
LH:2
BRDA:44,0,0,0
BRDA:44,0,1,0
BRF:2
BRH:0
end_of_record
TN:
SF:/Users/raphaelmorales/codes/app/estudos/rocketseat/react-native-rocketseat/desafio_final/src/pages/calendar/components/calendars/styles.js
FNF:0
FNH:0
DA:3,1
LF:1
LH:1
BRF:0
BRH:0
end_of_record
TN:
SF:/Users/raphaelmorales/codes/app/estudos/rocketseat/react-native-rocketseat/desafio_final/src/pages/calendar/components/cards/index.js
FN:24,(anonymous_0)
FN:35,(anonymous_1)
FN:45,(anonymous_2)
FNF:3
FNH:3
FNDA:2,(anonymous_0)
FNDA:2,(anonymous_1)
FNDA:2,(anonymous_2)
DA:24,2
DA:35,2
DA:46,2
LF:3
LH:3
BRF:0
BRH:0
end_of_record
TN:
SF:/Users/raphaelmorales/codes/app/estudos/rocketseat/react-native-rocketseat/desafio_final/src/pages/calendar/components/cards/styles.js
FNF:0
FNH:0
DA:4,1
LF:1
LH:1
BRF:0
BRH:0
end_of_record
TN:
SF:/Users/raphaelmorales/codes/app/estudos/rocketseat/react-native-rocketseat/desafio_final/src/pages/calendar/components/cards/components/btn/index.js
FN:49,(anonymous_0)
FN:58,(anonymous_1)
FN:63,(anonymous_2)
FN:81,(anonymous_3)
FN:82,(anonymous_4)
FN:101,(anonymous_5)
FN:111,(anonymous_6)
FN:112,(anonymous_7)
FNF:8
FNH:7
FNDA:1,(anonymous_0)
FNDA:1,(anonymous_1)
FNDA:7,(anonymous_2)
FNDA:0,(anonymous_3)
FNDA:1,(anonymous_4)
FNDA:5,(anonymous_5)
FNDA:5,(anonymous_6)
FNDA:1,(anonymous_7)
DA:50,1
DA:59,1
DA:70,7
DA:72,7
DA:81,0
DA:82,1
DA:101,5
DA:111,5
DA:117,1
LF:9
LH:8
BRDA:80,0,0,6
BRDA:80,0,1,1
BRDA:91,1,0,1
BRDA:91,1,1,6
BRF:4
BRH:4
end_of_record
TN:
SF:/Users/raphaelmorales/codes/app/estudos/rocketseat/react-native-rocketseat/desafio_final/src/pages/calendar/components/cards/components/btn/styles.js
FNF:0
FNH:0
DA:4,2
LF:1
LH:1
BRF:0
BRH:0
end_of_record
TN:
SF:/Users/raphaelmorales/codes/app/estudos/rocketseat/react-native-rocketseat/desafio_final/src/pages/calendar/components/miniCalendar/index.js
FN:38,(anonymous_0)
FN:49,(anonymous_1)
FN:53,(anonymous_2)
FN:58,(anonymous_3)
FN:69,(anonymous_4)
FN:80,(anonymous_5)
FN:90,(anonymous_6)
FN:91,(anonymous_7)
FN:92,(anonymous_8)
FNF:9
FNH:6
FNDA:1,(anonymous_0)
FNDA:7,(anonymous_1)
FNDA:6,(anonymous_2)
FNDA:0,(anonymous_3)
FNDA:0,(anonymous_4)
FNDA:4,(anonymous_5)
FNDA:4,(anonymous_6)
FNDA:1,(anonymous_7)
FNDA:0,(anonymous_8)
DA:39,1
DA:40,1
DA:41,1
DA:50,7
DA:54,6
DA:58,0
DA:69,0
DA:80,4
DA:90,4
DA:91,1
DA:92,0
LF:11
LH:8
BRF:0
BRH:0
end_of_record
TN:
SF:/Users/raphaelmorales/codes/app/estudos/rocketseat/react-native-rocketseat/desafio_final/src/pages/calendar/components/miniCalendar/styles.js
FNF:0
FNH:0
DA:4,1
LF:1
LH:1
BRF:0
BRH:0
end_of_record
TN:
SF:/Users/raphaelmorales/codes/app/estudos/rocketseat/react-native-rocketseat/desafio_final/src/pages/components/btn/index.js
FN:13,(anonymous_0)
FNF:1
FNH:1
FNDA:3,(anonymous_0)
DA:13,6
DA:14,3
DA:23,6
LF:3
LH:3
BRDA:15,0,0,2
BRDA:15,0,1,1
BRF:2
BRH:2
end_of_record
TN:
SF:/Users/raphaelmorales/codes/app/estudos/rocketseat/react-native-rocketseat/desafio_final/src/pages/components/btn/styles.js
FNF:0
FNH:0
DA:4,6
LF:1
LH:1
BRF:0
BRH:0
end_of_record
TN:
SF:/Users/raphaelmorales/codes/app/estudos/rocketseat/react-native-rocketseat/desafio_final/src/pages/components/datepicker/index.js
FN:15,(anonymous_0)
FNF:1
FNH:1
FNDA:1,(anonymous_0)
DA:15,2
DA:18,1
DA:52,2
LF:3
LH:3
BRF:0
BRH:0
end_of_record
TN:
SF:/Users/raphaelmorales/codes/app/estudos/rocketseat/react-native-rocketseat/desafio_final/src/pages/components/datepicker/styles.js
FNF:0
FNH:0
DA:4,2
LF:1
LH:1
BRF:0
BRH:0
end_of_record
TN:
SF:/Users/raphaelmorales/codes/app/estudos/rocketseat/react-native-rocketseat/desafio_final/src/pages/components/input/index.js
FN:14,(anonymous_0)
FNF:1
FNH:1
FNDA:1,(anonymous_0)
DA:14,6
DA:17,1
DA:37,6
DA:48,6
LF:4
LH:4
BRDA:21,0,0,0
BRDA:21,0,1,1
BRDA:26,1,0,1
BRDA:26,1,1,1
BRF:4
BRH:3
end_of_record
TN:
SF:/Users/raphaelmorales/codes/app/estudos/rocketseat/react-native-rocketseat/desafio_final/src/pages/components/input/styles.js
FNF:0
FNH:0
DA:4,6
LF:1
LH:1
BRF:0
BRH:0
end_of_record
TN:
SF:/Users/raphaelmorales/codes/app/estudos/rocketseat/react-native-rocketseat/desafio_final/src/pages/components/notification/index.js
FN:31,(anonymous_0)
FN:34,(anonymous_1)
FN:37,(anonymous_2)
FN:39,(anonymous_3)
FN:43,(anonymous_4)
FN:56,(anonymous_5)
FN:61,(anonymous_6)
FN:62,(anonymous_7)
FNF:8
FNH:2
FNDA:0,(anonymous_0)
FNDA:0,(anonymous_1)
FNDA:0,(anonymous_2)
FNDA:0,(anonymous_3)
FNDA:0,(anonymous_4)
FNDA:3,(anonymous_5)
FNDA:3,(anonymous_6)
FNDA:0,(anonymous_7)
DA:31,0
DA:34,0
DA:38,0
DA:39,0
DA:44,0
DA:56,4
DA:61,4
DA:62,0
LF:8
LH:2
BRDA:38,0,0,0
BRDA:38,0,1,0
BRDA:46,1,0,0
BRDA:46,1,1,0
BRF:4
BRH:0
end_of_record
TN:
SF:/Users/raphaelmorales/codes/app/estudos/rocketseat/react-native-rocketseat/desafio_final/src/pages/components/notification/styles.js
FNF:0
FNH:0
DA:4,4
LF:1
LH:1
BRF:0
BRH:0
end_of_record
TN:
SF:/Users/raphaelmorales/codes/app/estudos/rocketseat/react-native-rocketseat/desafio_final/src/pages/components/notification/components/msg/index.js
FN:14,(anonymous_0)
FNF:1
FNH:1
FNDA:3,(anonymous_0)
DA:14,5
DA:15,3
DA:32,5
LF:3
LH:3
BRDA:18,0,0,2
BRDA:18,0,1,1
BRDA:23,1,0,2
BRDA:23,1,1,1
BRF:4
BRH:4
end_of_record
TN:
SF:/Users/raphaelmorales/codes/app/estudos/rocketseat/react-native-rocketseat/desafio_final/src/pages/components/notification/components/msg/styles.js
FNF:0
FNH:0
DA:4,5
LF:1
LH:1
BRF:0
BRH:0
end_of_record
TN:
SF:/Users/raphaelmorales/codes/app/estudos/rocketseat/react-native-rocketseat/desafio_final/src/pages/dashboard/index.js
FN:41,(anonymous_0)
FN:46,(anonymous_1)
FN:59,(anonymous_2)
FN:69,(anonymous_3)
FN:78,(anonymous_4)
FN:87,(anonymous_5)
FN:105,(anonymous_6)
FN:113,(anonymous_7)
FN:114,(anonymous_8)
FNF:9
FNH:4
FNDA:2,(anonymous_0)
FNDA:0,(anonymous_1)
FNDA:2,(anonymous_2)
FNDA:0,(anonymous_3)
FNDA:0,(anonymous_4)
FNDA:0,(anonymous_5)
FNDA:2,(anonymous_6)
FNDA:2,(anonymous_7)
FNDA:0,(anonymous_8)
DA:47,0
DA:48,0
DA:55,0
DA:60,2
DA:69,0
DA:78,0
DA:87,0
DA:105,2
DA:113,2
DA:115,0
LF:10
LH:3
BRF:0
BRH:0
end_of_record
TN:
SF:/Users/raphaelmorales/codes/app/estudos/rocketseat/react-native-rocketseat/desafio_final/src/pages/dashboard/styles.js
FNF:0
FNH:0
DA:4,1
LF:1
LH:1
BRF:0
BRH:0
end_of_record
TN:
SF:/Users/raphaelmorales/codes/app/estudos/rocketseat/react-native-rocketseat/desafio_final/src/pages/identification/index.js
FN:47,(anonymous_0)
FN:52,(anonymous_1)
FN:58,(anonymous_2)
FN:68,(anonymous_3)
FN:74,(anonymous_4)
FN:82,(anonymous_5)
FN:98,(anonymous_6)
FN:106,(anonymous_7)
FN:107,(anonymous_8)
FNF:9
FNH:4
FNDA:4,(anonymous_0)
FNDA:0,(anonymous_1)
FNDA:0,(anonymous_2)
FNDA:0,(anonymous_3)
FNDA:4,(anonymous_4)
FNDA:0,(anonymous_5)
FNDA:4,(anonymous_6)
FNDA:4,(anonymous_7)
FNDA:0,(anonymous_8)
DA:53,0
DA:54,0
DA:59,0
DA:69,0
DA:70,0
DA:75,4
DA:82,0
DA:98,4
DA:106,4
DA:107,0
LF:10
LH:3
BRDA:53,0,0,0
BRDA:53,0,1,0
BRDA:54,1,0,0
BRDA:54,1,1,0
BRF:4
BRH:0
end_of_record
TN:
SF:/Users/raphaelmorales/codes/app/estudos/rocketseat/react-native-rocketseat/desafio_final/src/pages/identification/styles.js
FNF:0
FNH:0
DA:4,1
LF:1
LH:1
BRF:0
BRH:0
end_of_record
TN:
SF:/Users/raphaelmorales/codes/app/estudos/rocketseat/react-native-rocketseat/desafio_final/src/pages/login/index.js
FN:50,(anonymous_0)
FN:55,(anonymous_1)
FN:60,(anonymous_2)
FN:70,(anonymous_3)
FN:76,(anonymous_4)
FN:84,(anonymous_5)
FN:92,(anonymous_6)
FN:110,(anonymous_7)
FN:118,(anonymous_8)
FN:119,(anonymous_9)
FNF:10
FNH:4
FNDA:4,(anonymous_0)
FNDA:0,(anonymous_1)
FNDA:0,(anonymous_2)
FNDA:0,(anonymous_3)
FNDA:4,(anonymous_4)
FNDA:0,(anonymous_5)
FNDA:0,(anonymous_6)
FNDA:4,(anonymous_7)
FNDA:4,(anonymous_8)
FNDA:0,(anonymous_9)
DA:56,0
DA:61,0
DA:71,0
DA:72,0
DA:77,4
DA:84,0
DA:92,0
DA:110,4
DA:118,4
DA:119,0
LF:10
LH:3
BRDA:56,0,0,0
BRDA:56,0,1,0
BRF:2
BRH:0
end_of_record
TN:
SF:/Users/raphaelmorales/codes/app/estudos/rocketseat/react-native-rocketseat/desafio_final/src/pages/login/styles.js
FNF:0
FNH:0
DA:4,1
LF:1
LH:1
BRF:0
BRH:0
end_of_record
TN:
SF:/Users/raphaelmorales/codes/app/estudos/rocketseat/react-native-rocketseat/desafio_final/src/pages/register/index.js
FN:55,(anonymous_0)
FN:60,(anonymous_1)
FN:65,(anonymous_2)
FN:68,(anonymous_3)
FN:78,(anonymous_4)
FN:84,(anonymous_5)
FN:92,(anonymous_6)
FN:100,(anonymous_7)
FN:108,(anonymous_8)
FN:128,(anonymous_9)
FN:136,(anonymous_10)
FN:137,(anonymous_11)
FNF:12
FNH:4
FNDA:4,(anonymous_0)
FNDA:0,(anonymous_1)
FNDA:0,(anonymous_2)
FNDA:0,(anonymous_3)
FNDA:0,(anonymous_4)
FNDA:4,(anonymous_5)
FNDA:0,(anonymous_6)
FNDA:0,(anonymous_7)
FNDA:0,(anonymous_8)
FNDA:4,(anonymous_9)
FNDA:4,(anonymous_10)
FNDA:0,(anonymous_11)
DA:61,0
DA:65,0
DA:69,0
DA:79,0
DA:80,0
DA:85,4
DA:92,0
DA:100,0
DA:108,0
DA:128,4
DA:136,4
DA:137,0
LF:12
LH:3
BRDA:61,0,0,0
BRDA:61,0,1,0
BRF:2
BRH:0
end_of_record
TN:
SF:/Users/raphaelmorales/codes/app/estudos/rocketseat/react-native-rocketseat/desafio_final/src/pages/register/styles.js
FNF:0
FNH:0
DA:4,1
LF:1
LH:1
BRF:0
BRH:0
end_of_record
TN:
SF:/Users/raphaelmorales/codes/app/estudos/rocketseat/react-native-rocketseat/desafio_final/src/redux/ducks/calendar.js
FN:22,(anonymous_0)
FN:23,(anonymous_1)
FN:24,(anonymous_2)
FN:25,(anonymous_3)
FN:26,(anonymous_4)
FNF:5
FNH:0
FNDA:0,(anonymous_0)
FNDA:0,(anonymous_1)
FNDA:0,(anonymous_2)
FNDA:0,(anonymous_3)
FNDA:0,(anonymous_4)
DA:4,1
DA:15,1
DA:22,1
DA:23,1
DA:24,1
DA:25,1
DA:26,1
DA:29,1
LF:8
LH:8
BRF:0
BRH:0
end_of_record
TN:
SF:/Users/raphaelmorales/codes/app/estudos/rocketseat/react-native-rocketseat/desafio_final/src/redux/ducks/login.js
FN:20,(anonymous_0)
FN:21,(anonymous_1)
FN:22,(anonymous_2)
FN:23,(anonymous_3)
FN:24,(anonymous_4)
FN:25,(anonymous_5)
FN:26,(anonymous_6)
FNF:7
FNH:0
FNDA:0,(anonymous_0)
FNDA:0,(anonymous_1)
FNDA:0,(anonymous_2)
FNDA:0,(anonymous_3)
FNDA:0,(anonymous_4)
FNDA:0,(anonymous_5)
FNDA:0,(anonymous_6)
DA:4,3
DA:17,3
DA:20,3
DA:21,3
DA:22,3
DA:23,3
DA:24,3
DA:25,3
DA:26,3
DA:29,3
LF:10
LH:10
BRF:0
BRH:0
end_of_record
TN:
SF:/Users/raphaelmorales/codes/app/estudos/rocketseat/react-native-rocketseat/desafio_final/src/redux/ducks/notification.js
FN:15,(anonymous_0)
FN:16,(anonymous_1)
FNF:2
FNH:0
FNDA:0,(anonymous_0)
FNDA:0,(anonymous_1)
DA:4,4
DA:12,4
DA:15,4
DA:16,4
DA:19,4
LF:5
LH:5
BRF:0
BRH:0
end_of_record
TN:
SF:/Users/raphaelmorales/codes/app/estudos/rocketseat/react-native-rocketseat/desafio_final/src/redux/ducks/todo.js
FN:31,(anonymous_0)
FN:32,(anonymous_1)
FN:33,(anonymous_2)
FN:34,(anonymous_3)
FN:35,(anonymous_4)
FN:36,(anonymous_5)
FNF:6
FNH:0
FNDA:0,(anonymous_0)
FNDA:0,(anonymous_1)
FNDA:0,(anonymous_2)
FNDA:0,(anonymous_3)
FNDA:0,(anonymous_4)
FNDA:0,(anonymous_5)
DA:4,5
DA:25,5
DA:31,5
DA:32,5
DA:33,5
DA:34,5
DA:35,5
DA:36,5
DA:39,5
LF:9
LH:9
BRF:0
BRH:0
end_of_record
TN:
SF:/Users/raphaelmorales/codes/app/estudos/rocketseat/react-native-rocketseat/desafio_final/src/redux/ducks/user.js
FN:23,(anonymous_0)
FN:27,(anonymous_1)
FN:36,(anonymous_2)
FNF:3
FNH:0
FNDA:0,(anonymous_0)
FNDA:0,(anonymous_1)
FNDA:0,(anonymous_2)
DA:4,1
DA:13,1
DA:23,1
DA:27,1
DA:36,1
DA:42,1
LF:6
LH:6
BRF:0
BRH:0
end_of_record
TN:
SF:/Users/raphaelmorales/codes/app/estudos/rocketseat/react-native-rocketseat/desafio_final/src/styles/colors.js
FNF:0
FNH:0
LF:0
LH:0
BRF:0
BRH:0
end_of_record
TN:
SF:/Users/raphaelmorales/codes/app/estudos/rocketseat/react-native-rocketseat/desafio_final/src/styles/fonts.js
FNF:0
FNH:0
LF:0
LH:0
BRF:0
BRH:0
end_of_record
TN:
SF:/Users/raphaelmorales/codes/app/estudos/rocketseat/react-native-rocketseat/desafio_final/src/styles/general.js
FNF:0
FNH:0
LF:0
LH:0
BRF:0
BRH:0
end_of_record
TN:
SF:/Users/raphaelmorales/codes/app/estudos/rocketseat/react-native-rocketseat/desafio_final/src/styles/index.js
FNF:0
FNH:0
LF:0
LH:0
BRF:0
BRH:0
end_of_record
TN:
SF:/Users/raphaelmorales/codes/app/estudos/rocketseat/react-native-rocketseat/desafio_final/src/styles/metrics.js
FNF:0
FNH:0
DA:3,14
LF:1
LH:1
BRDA:10,0,0,14
BRDA:10,0,1,0
BRDA:11,1,0,14
BRDA:11,1,1,0
BRDA:14,2,0,14
BRDA:14,2,1,0
BRF:6
BRH:3
end_of_record
